   1              		.cpu cortex-m4
   2              		.eabi_attribute 27, 1
   3              		.eabi_attribute 20, 1
   4              		.eabi_attribute 21, 1
   5              		.eabi_attribute 23, 3
   6              		.eabi_attribute 24, 1
   7              		.eabi_attribute 25, 1
   8              		.eabi_attribute 26, 1
   9              		.eabi_attribute 30, 1
  10              		.eabi_attribute 34, 1
  11              		.eabi_attribute 18, 4
  12              		.file	"crypto.c"
  13              		.text
  14              	.Ltext0:
  15              		.cfi_sections	.debug_frame
  16              		.section	.rodata.cst4,"aM",%progbits,4
  17              		.align	2
  18              	.LC0:
  19 0000 00000000 		.word	__stack_chk_guard
  20              		.section	.text.encrypt,"ax",%progbits
  21              		.align	1
  22              		.global	encrypt
  23              		.arch armv7e-m
  24              		.syntax unified
  25              		.thumb
  26              		.thumb_func
  27              		.fpu fpv4-sp-d16
  29              	encrypt:
  30              	.LVL0:
  31              	.LFB0:
  32              		.file 1 "crypto.c"
   1:crypto.c      **** /* Source file for the homebrewn crypto used in assignment 2
   2:crypto.c      ****  *
   3:crypto.c      ****  * Copyright 2018 TUM
   4:crypto.c      ****  * Created: 2018-11-15 Florian Wilde <florian.wilde@tum.de>
   5:crypto.c      ****  **************************************************************************************************
   6:crypto.c      **** 
   7:crypto.c      **** #include <stdint.h>
   8:crypto.c      **** #include <string.h>
   9:crypto.c      **** #include <malloc.h>
  10:crypto.c      **** #include "crypto.h"
  11:crypto.c      **** 
  12:crypto.c      **** uint8_t encrypt(uint8_t *ciphertext[],
  13:crypto.c      ****                 const uint8_t *plaintext, const size_t plaintext_len,
  14:crypto.c      ****                 const uint8_t *nonce, const uint8_t *key ) {
  33              		.loc 1 14 60 view -0
  34              		.cfi_startproc
  35              		@ args = 4, pretend = 0, frame = 136
  36              		@ frame_needed = 0, uses_anonymous_args = 0
  37              		.loc 1 14 60 is_stmt 0 view .LVU1
  38 0000 F0B5     		push	{r4, r5, r6, r7, lr}
  39              	.LCFI0:
  40              		.cfi_def_cfa_offset 20
  41              		.cfi_offset 4, -20
  42              		.cfi_offset 5, -16
  43              		.cfi_offset 6, -12
  44              		.cfi_offset 7, -8
  45              		.cfi_offset 14, -4
  46 0002 A3B0     		sub	sp, sp, #140
  47              	.LCFI1:
  48              		.cfi_def_cfa_offset 160
  49 0004 0746     		mov	r7, r0
  50 0006 1646     		mov	r6, r2
  51 0008 1C46     		mov	r4, r3
  52 000a 289D     		ldr	r5, [sp, #160]
  53              		.loc 1 14 60 view .LVU2
  54 000c 134B     		ldr	r3, .L7
  55              	.LVL1:
  56              		.loc 1 14 60 view .LVU3
  57 000e 1B68     		ldr	r3, [r3]
  58 0010 2193     		str	r3, [sp, #132]
  59 0012 4FF00003 		mov	r3,#0
  15:crypto.c      ****   /* Encrypt like the most popular app with over 30 million users worldwide did
  16:crypto.c      ****      cf. https://www.ssl.com/article/nq-vault-app-not-as-secure-as-advertised/  */
  17:crypto.c      ****   uint8_t buf[128];
  60              		.loc 1 17 3 is_stmt 1 view .LVU4
  18:crypto.c      ****   memcpy(buf, plaintext, plaintext_len);
  61              		.loc 1 18 3 view .LVU5
  62 0016 01A8     		add	r0, sp, #4
  63              	.LVL2:
  64              		.loc 1 18 3 is_stmt 0 view .LVU6
  65 0018 FFF7FEFF 		bl	memcpy
  66              	.LVL3:
  19:crypto.c      ****   for(uint8_t i=0; i<128; i++) buf[i] ^= key[nonce[0] % 8];
  67              		.loc 1 19 3 is_stmt 1 view .LVU7
  68              	.LBB2:
  69              		.loc 1 19 7 view .LVU8
  70              		.loc 1 19 20 view .LVU9
  71              		.loc 1 19 55 is_stmt 0 view .LVU10
  72 001c 2378     		ldrb	r3, [r4]	@ zero_extendqisi2
  73 001e 03F00703 		and	r3, r3, #7
  74              		.loc 1 19 45 view .LVU11
  75 0022 ED5C     		ldrb	r5, [r5, r3]	@ zero_extendqisi2
  76 0024 0DF10303 		add	r3, sp, #3
  77 0028 0DF18304 		add	r4, sp, #131
  78              	.LVL4:
  79              	.L2:
  80              		.loc 1 19 32 is_stmt 1 discriminator 3 view .LVU12
  81              		.loc 1 19 39 is_stmt 0 discriminator 3 view .LVU13
  82 002c 13F8011F 		ldrb	r1, [r3, #1]!	@ zero_extendqisi2
  83              	.LVL5:
  84              		.loc 1 19 39 discriminator 3 view .LVU14
  85 0030 6940     		eors	r1, r1, r5
  86 0032 1970     		strb	r1, [r3]
  87              		.loc 1 19 27 is_stmt 1 discriminator 3 view .LVU15
  88              	.LVL6:
  89              		.loc 1 19 20 discriminator 3 view .LVU16
  90              		.loc 1 19 3 is_stmt 0 discriminator 3 view .LVU17
  91 0034 A342     		cmp	r3, r4
  92 0036 F9D1     		bne	.L2
  93              	.LBE2:
  20:crypto.c      ****   *ciphertext = malloc(plaintext_len);
  94              		.loc 1 20 3 is_stmt 1 view .LVU18
  95              		.loc 1 20 17 is_stmt 0 view .LVU19
  96 0038 3046     		mov	r0, r6
  97 003a FFF7FEFF 		bl	malloc
  98              	.LVL7:
  99              		.loc 1 20 15 view .LVU20
 100 003e 3860     		str	r0, [r7]
  21:crypto.c      ****   memcpy(*ciphertext, buf, plaintext_len);
 101              		.loc 1 21 3 is_stmt 1 view .LVU21
 102 0040 3246     		mov	r2, r6
 103 0042 01A9     		add	r1, sp, #4
 104 0044 FFF7FEFF 		bl	memcpy
 105              	.LVL8:
  22:crypto.c      ****   return 0;
 106              		.loc 1 22 3 view .LVU22
  23:crypto.c      **** }
 107              		.loc 1 23 1 is_stmt 0 view .LVU23
 108 0048 044B     		ldr	r3, .L7
 109 004a 1A68     		ldr	r2, [r3]
 110 004c 219B     		ldr	r3, [sp, #132]
 111 004e 5A40     		eors	r2, r3, r2
 112 0050 02D1     		bne	.L6
 113 0052 0020     		movs	r0, #0
 114 0054 23B0     		add	sp, sp, #140
 115              	.LCFI2:
 116              		.cfi_remember_state
 117              		.cfi_def_cfa_offset 20
 118              		@ sp needed
 119 0056 F0BD     		pop	{r4, r5, r6, r7, pc}
 120              	.LVL9:
 121              	.L6:
 122              	.LCFI3:
 123              		.cfi_restore_state
 124              		.loc 1 23 1 view .LVU24
 125 0058 FFF7FEFF 		bl	__stack_chk_fail
 126              	.LVL10:
 127              	.L8:
 128              		.align	2
 129              	.L7:
 130 005c 00000000 		.word	.LC0
 131              		.cfi_endproc
 132              	.LFE0:
 134              		.section	.text.getCiphertextLength,"ax",%progbits
 135              		.align	1
 136              		.global	getCiphertextLength
 137              		.syntax unified
 138              		.thumb
 139              		.thumb_func
 140              		.fpu fpv4-sp-d16
 142              	getCiphertextLength:
 143              	.LVL11:
 144              	.LFB1:
  24:crypto.c      **** 
  25:crypto.c      **** size_t getCiphertextLength(const size_t plaintext_len) {
 145              		.loc 1 25 56 is_stmt 1 view -0
 146              		.cfi_startproc
 147              		@ args = 0, pretend = 0, frame = 0
 148              		@ frame_needed = 0, uses_anonymous_args = 0
 149              		@ link register save eliminated.
  26:crypto.c      ****   return plaintext_len;
 150              		.loc 1 26 3 view .LVU26
  27:crypto.c      **** }
 151              		.loc 1 27 1 is_stmt 0 view .LVU27
 152 0000 7047     		bx	lr
 153              		.cfi_endproc
 154              	.LFE1:
 156              		.text
 157              	.Letext0:
 158              		.file 2 "/usr/lib/gcc/arm-none-eabi/9.2.1/include/stdint.h"
 159              		.file 3 "/usr/lib/gcc/arm-none-eabi/9.2.1/include/stddef.h"
 160              		.file 4 "/usr/include/newlib/sys/_types.h"
 161              		.file 5 "/usr/include/newlib/sys/reent.h"
 162              		.file 6 "/usr/include/newlib/sys/lock.h"
 163              		.file 7 "<built-in>"
 164              		.file 8 "/usr/include/newlib/malloc.h"
DEFINED SYMBOLS
                            *ABS*:0000000000000000 crypto.c
     /tmp/ccA7W2pQ.s:17     .rodata.cst4:0000000000000000 $d
     /tmp/ccA7W2pQ.s:21     .text.encrypt:0000000000000000 $t
     /tmp/ccA7W2pQ.s:29     .text.encrypt:0000000000000000 encrypt
     /tmp/ccA7W2pQ.s:130    .text.encrypt:000000000000005c $d
     /tmp/ccA7W2pQ.s:135    .text.getCiphertextLength:0000000000000000 $t
     /tmp/ccA7W2pQ.s:142    .text.getCiphertextLength:0000000000000000 getCiphertextLength
                           .group:0000000000000000 wm4.0.2b1621af4d156004b207f1d62b99413e
                           .group:0000000000000000 wm4.stdint.h.29.6d480f4ba0f60596e88234283d42444f
                           .group:0000000000000000 wm4._newlib_version.h.4.1ef4e12f167f8b69d7c30054be56050d
                           .group:0000000000000000 wm4.newlib.h.21.1ae2897bc09bbe4bc80ffb801fb02432
                           .group:0000000000000000 wm4.ieeefp.h.77.f33a4dce62116f6f5175ff8bae57a54c
                           .group:0000000000000000 wm4.features.h.22.026edb2397769f4ae13f35900dbdb560
                           .group:0000000000000000 wm4.config.h.224.c701144a7b0518c6ee9b9b5465b79f81
                           .group:0000000000000000 wm4._ansi.h.31.de524f58584151836e90d8620a16f8e8
                           .group:0000000000000000 wm4.stddef.h.39.27677723d43e5b5a7afdf8d798429f1d
                           .group:0000000000000000 wm4._types.h.20.dd0d04dca3800a0d2a6129b87f3adbb2
                           .group:0000000000000000 wm4.stddef.h.155.3588ebfdd1e8c7ede80509bb9c3b8009
                           .group:0000000000000000 wm4._default_types.h.6.959254cf5f09734ea7516c89e8bb21bd
                           .group:0000000000000000 wm4._types.h.127.34941de1b2539d59d5cac00e0dd27a45
                           .group:0000000000000000 wm4.reent.h.17.e292bf8b0bec6c96e131a54347145a30
                           .group:0000000000000000 wm4.lock.h.2.c0958401bd0ce484d507ee19aacab817
                           .group:0000000000000000 wm4.reent.h.77.dcd6129ff07fe81bd5636db29abe53b2
                           .group:0000000000000000 wm4.cdefs.h.49.2bf373aedffd8b393ccd11dc057e8547
                           .group:0000000000000000 wm4.string.h.15.dab3980bf35408a4c507182805e2de3a
                           .group:0000000000000000 wm4.stddef.h.155.ba788add86a0e365f264484f110c3c29
                           .group:0000000000000000 wm4.malloc.h.4.62bd13b8107d5245f60bd92bb5994838
                           .group:0000000000000000 wm4.malloc.h.152.f5d1d9a9aabeac59da0ef41ede16d2b0
                           .group:0000000000000000 wm4.crypto.h.8.3c7e0671468cbc28e07567ab2d290f6b

UNDEFINED SYMBOLS
__stack_chk_guard
memcpy
malloc
__stack_chk_fail
