   1              		.cpu cortex-m4
   2              		.eabi_attribute 27, 1
   3              		.eabi_attribute 20, 1
   4              		.eabi_attribute 21, 1
   5              		.eabi_attribute 23, 3
   6              		.eabi_attribute 24, 1
   7              		.eabi_attribute 25, 1
   8              		.eabi_attribute 26, 1
   9              		.eabi_attribute 30, 1
  10              		.eabi_attribute 34, 1
  11              		.eabi_attribute 18, 4
  12              		.file	"xmc_gpio.c"
  13              		.text
  14              	.Ltext0:
  15              		.cfi_sections	.debug_frame
  16              		.section	.text.XMC_GPIO_SetMode,"ax",%progbits
  17              		.align	1
  18              		.global	XMC_GPIO_SetMode
  19              		.arch armv7e-m
  20              		.syntax unified
  21              		.thumb
  22              		.thumb_func
  23              		.fpu fpv4-sp-d16
  25              	XMC_GPIO_SetMode:
  26              	.LVL0:
  27              	.LFB138:
  28              		.file 1 "/opt/XMClib/XMC_Peripheral_Library_v2.1.16/XMCLib/src/xmc_gpio.c"
   1:/opt/XMClib/XMC_Peripheral_Library_v2.1.16/XMCLib/src/xmc_gpio.c **** /**
   2:/opt/XMClib/XMC_Peripheral_Library_v2.1.16/XMCLib/src/xmc_gpio.c ****  * @file xmc_gpio.c
   3:/opt/XMClib/XMC_Peripheral_Library_v2.1.16/XMCLib/src/xmc_gpio.c ****  * @date 2015-06-20
   4:/opt/XMClib/XMC_Peripheral_Library_v2.1.16/XMCLib/src/xmc_gpio.c ****  *
   5:/opt/XMClib/XMC_Peripheral_Library_v2.1.16/XMCLib/src/xmc_gpio.c ****  * @cond
   6:/opt/XMClib/XMC_Peripheral_Library_v2.1.16/XMCLib/src/xmc_gpio.c ****  **************************************************************************************************
   7:/opt/XMClib/XMC_Peripheral_Library_v2.1.16/XMCLib/src/xmc_gpio.c ****  * XMClib v2.1.16 - XMC Peripheral Driver Library 
   8:/opt/XMClib/XMC_Peripheral_Library_v2.1.16/XMCLib/src/xmc_gpio.c ****  *
   9:/opt/XMClib/XMC_Peripheral_Library_v2.1.16/XMCLib/src/xmc_gpio.c ****  * Copyright (c) 2015-2017, Infineon Technologies AG
  10:/opt/XMClib/XMC_Peripheral_Library_v2.1.16/XMCLib/src/xmc_gpio.c ****  * All rights reserved.                        
  11:/opt/XMClib/XMC_Peripheral_Library_v2.1.16/XMCLib/src/xmc_gpio.c ****  *                                             
  12:/opt/XMClib/XMC_Peripheral_Library_v2.1.16/XMCLib/src/xmc_gpio.c ****  * Redistribution and use in source and binary forms, with or without modification,are permitted pr
  13:/opt/XMClib/XMC_Peripheral_Library_v2.1.16/XMCLib/src/xmc_gpio.c ****  * following conditions are met:   
  14:/opt/XMClib/XMC_Peripheral_Library_v2.1.16/XMCLib/src/xmc_gpio.c ****  *                                                                              
  15:/opt/XMClib/XMC_Peripheral_Library_v2.1.16/XMCLib/src/xmc_gpio.c ****  * Redistributions of source code must retain the above copyright notice, this list of conditions a
  16:/opt/XMClib/XMC_Peripheral_Library_v2.1.16/XMCLib/src/xmc_gpio.c ****  * disclaimer.                        
  17:/opt/XMClib/XMC_Peripheral_Library_v2.1.16/XMCLib/src/xmc_gpio.c ****  * 
  18:/opt/XMClib/XMC_Peripheral_Library_v2.1.16/XMCLib/src/xmc_gpio.c ****  * Redistributions in binary form must reproduce the above copyright notice, this list of condition
  19:/opt/XMClib/XMC_Peripheral_Library_v2.1.16/XMCLib/src/xmc_gpio.c ****  * disclaimer in the documentation and/or other materials provided with the distribution.          
  20:/opt/XMClib/XMC_Peripheral_Library_v2.1.16/XMCLib/src/xmc_gpio.c ****  * 
  21:/opt/XMClib/XMC_Peripheral_Library_v2.1.16/XMCLib/src/xmc_gpio.c ****  * Neither the name of the copyright holders nor the names of its contributors may be used to endor
  22:/opt/XMClib/XMC_Peripheral_Library_v2.1.16/XMCLib/src/xmc_gpio.c ****  * products derived from this software without specific prior written permission.                  
  23:/opt/XMClib/XMC_Peripheral_Library_v2.1.16/XMCLib/src/xmc_gpio.c ****  *                                                                              
  24:/opt/XMClib/XMC_Peripheral_Library_v2.1.16/XMCLib/src/xmc_gpio.c ****  * THIS SOFTWARE IS PROVIDED BY THE COPYRIGHT HOLDERS AND CONTRIBUTORS "AS IS" AND ANY EXPRESS OR I
  25:/opt/XMClib/XMC_Peripheral_Library_v2.1.16/XMCLib/src/xmc_gpio.c ****  * INCLUDING, BUT NOT LIMITED TO, THE IMPLIED WARRANTIES OF MERCHANTABILITY AND FITNESS FOR A PARTI
  26:/opt/XMClib/XMC_Peripheral_Library_v2.1.16/XMCLib/src/xmc_gpio.c ****  * DISCLAIMED. IN NO EVENT SHALL THE COPYRIGHT HOLDER OR CONTRIBUTORS BE LIABLE  FOR ANY DIRECT, IN
  27:/opt/XMClib/XMC_Peripheral_Library_v2.1.16/XMCLib/src/xmc_gpio.c ****  * SPECIAL, EXEMPLARY, OR CONSEQUENTIAL DAMAGES (INCLUDING, BUT NOT LIMITED TO, PROCUREMENT OF SUBS
  28:/opt/XMClib/XMC_Peripheral_Library_v2.1.16/XMCLib/src/xmc_gpio.c ****  * SERVICES; LOSS OF USE, DATA, OR PROFITS; OR BUSINESS INTERRUPTION) HOWEVER CAUSED AND ON ANY THE
  29:/opt/XMClib/XMC_Peripheral_Library_v2.1.16/XMCLib/src/xmc_gpio.c ****  * WHETHER IN CONTRACT, STRICT LIABILITY,OR TORT (INCLUDING NEGLIGENCE OR OTHERWISE) ARISING IN ANY
  30:/opt/XMClib/XMC_Peripheral_Library_v2.1.16/XMCLib/src/xmc_gpio.c ****  * OF THIS SOFTWARE, EVEN IF ADVISED OF THE POSSIBILITY OF SUCH DAMAGE.                            
  31:/opt/XMClib/XMC_Peripheral_Library_v2.1.16/XMCLib/src/xmc_gpio.c ****  *                                                                              
  32:/opt/XMClib/XMC_Peripheral_Library_v2.1.16/XMCLib/src/xmc_gpio.c ****  * To improve the quality of the software, users are encouraged to share modifications, enhancement
  33:/opt/XMClib/XMC_Peripheral_Library_v2.1.16/XMCLib/src/xmc_gpio.c ****  * Infineon Technologies AG dave@infineon.com).                                                    
  34:/opt/XMClib/XMC_Peripheral_Library_v2.1.16/XMCLib/src/xmc_gpio.c ****  **************************************************************************************************
  35:/opt/XMClib/XMC_Peripheral_Library_v2.1.16/XMCLib/src/xmc_gpio.c ****  *
  36:/opt/XMClib/XMC_Peripheral_Library_v2.1.16/XMCLib/src/xmc_gpio.c ****  * Change History
  37:/opt/XMClib/XMC_Peripheral_Library_v2.1.16/XMCLib/src/xmc_gpio.c ****  * --------------
  38:/opt/XMClib/XMC_Peripheral_Library_v2.1.16/XMCLib/src/xmc_gpio.c ****  *
  39:/opt/XMClib/XMC_Peripheral_Library_v2.1.16/XMCLib/src/xmc_gpio.c ****  * 2015-02-20:
  40:/opt/XMClib/XMC_Peripheral_Library_v2.1.16/XMCLib/src/xmc_gpio.c ****  *     - Initial draft <br>
  41:/opt/XMClib/XMC_Peripheral_Library_v2.1.16/XMCLib/src/xmc_gpio.c ****  *      
  42:/opt/XMClib/XMC_Peripheral_Library_v2.1.16/XMCLib/src/xmc_gpio.c ****  * 2015-06-20:
  43:/opt/XMClib/XMC_Peripheral_Library_v2.1.16/XMCLib/src/xmc_gpio.c ****  *     - Removed version macros and declaration of GetDriverVersion API
  44:/opt/XMClib/XMC_Peripheral_Library_v2.1.16/XMCLib/src/xmc_gpio.c ****  *
  45:/opt/XMClib/XMC_Peripheral_Library_v2.1.16/XMCLib/src/xmc_gpio.c ****  * @endcond
  46:/opt/XMClib/XMC_Peripheral_Library_v2.1.16/XMCLib/src/xmc_gpio.c ****  *
  47:/opt/XMClib/XMC_Peripheral_Library_v2.1.16/XMCLib/src/xmc_gpio.c ****  */
  48:/opt/XMClib/XMC_Peripheral_Library_v2.1.16/XMCLib/src/xmc_gpio.c **** 
  49:/opt/XMClib/XMC_Peripheral_Library_v2.1.16/XMCLib/src/xmc_gpio.c **** /*******************************************************************************
  50:/opt/XMClib/XMC_Peripheral_Library_v2.1.16/XMCLib/src/xmc_gpio.c ****  * HEADER FILES
  51:/opt/XMClib/XMC_Peripheral_Library_v2.1.16/XMCLib/src/xmc_gpio.c ****  *******************************************************************************/
  52:/opt/XMClib/XMC_Peripheral_Library_v2.1.16/XMCLib/src/xmc_gpio.c **** 
  53:/opt/XMClib/XMC_Peripheral_Library_v2.1.16/XMCLib/src/xmc_gpio.c **** #include <xmc_gpio.h>
  54:/opt/XMClib/XMC_Peripheral_Library_v2.1.16/XMCLib/src/xmc_gpio.c **** 
  55:/opt/XMClib/XMC_Peripheral_Library_v2.1.16/XMCLib/src/xmc_gpio.c **** /*******************************************************************************
  56:/opt/XMClib/XMC_Peripheral_Library_v2.1.16/XMCLib/src/xmc_gpio.c ****  * MACROS
  57:/opt/XMClib/XMC_Peripheral_Library_v2.1.16/XMCLib/src/xmc_gpio.c ****  *******************************************************************************/
  58:/opt/XMClib/XMC_Peripheral_Library_v2.1.16/XMCLib/src/xmc_gpio.c **** 
  59:/opt/XMClib/XMC_Peripheral_Library_v2.1.16/XMCLib/src/xmc_gpio.c **** #define PORT_HWSEL_Msk PORT0_HWSEL_HW0_Msk
  60:/opt/XMClib/XMC_Peripheral_Library_v2.1.16/XMCLib/src/xmc_gpio.c **** 
  61:/opt/XMClib/XMC_Peripheral_Library_v2.1.16/XMCLib/src/xmc_gpio.c **** /*******************************************************************************
  62:/opt/XMClib/XMC_Peripheral_Library_v2.1.16/XMCLib/src/xmc_gpio.c ****  * API IMPLEMENTATION
  63:/opt/XMClib/XMC_Peripheral_Library_v2.1.16/XMCLib/src/xmc_gpio.c ****  *******************************************************************************/
  64:/opt/XMClib/XMC_Peripheral_Library_v2.1.16/XMCLib/src/xmc_gpio.c **** 
  65:/opt/XMClib/XMC_Peripheral_Library_v2.1.16/XMCLib/src/xmc_gpio.c **** void XMC_GPIO_SetMode(XMC_GPIO_PORT_t *const port, const uint8_t pin, const XMC_GPIO_MODE_t mode)
  66:/opt/XMClib/XMC_Peripheral_Library_v2.1.16/XMCLib/src/xmc_gpio.c **** {
  29              		.loc 1 66 1 view -0
  30              		.cfi_startproc
  31              		@ args = 0, pretend = 0, frame = 0
  32              		@ frame_needed = 0, uses_anonymous_args = 0
  33              		@ link register save eliminated.
  34              		.loc 1 66 1 is_stmt 0 view .LVU1
  35 0000 10B4     		push	{r4}
  36              	.LCFI0:
  37              		.cfi_def_cfa_offset 4
  38              		.cfi_offset 4, -4
  67:/opt/XMClib/XMC_Peripheral_Library_v2.1.16/XMCLib/src/xmc_gpio.c ****   XMC_ASSERT("XMC_GPIO_SetMode: Invalid port", XMC_GPIO_CHECK_PORT(port));
  39              		.loc 1 67 3 is_stmt 1 view .LVU2
  40              		.loc 1 67 74 view .LVU3
  68:/opt/XMClib/XMC_Peripheral_Library_v2.1.16/XMCLib/src/xmc_gpio.c ****   XMC_ASSERT("XMC_GPIO_SetMode: Invalid mode", XMC_GPIO_IsModeValid(mode));
  41              		.loc 1 68 3 view .LVU4
  42              		.loc 1 68 75 view .LVU5
  69:/opt/XMClib/XMC_Peripheral_Library_v2.1.16/XMCLib/src/xmc_gpio.c **** 
  70:/opt/XMClib/XMC_Peripheral_Library_v2.1.16/XMCLib/src/xmc_gpio.c ****   port->IOCR[(uint32_t)pin >> 2U] &= ~(uint32_t)((uint32_t)PORT_IOCR_PC_Msk << ((uint32_t)PORT_IOCR
  43              		.loc 1 70 3 view .LVU6
  44 0002 01F0FC03 		and	r3, r1, #252
  45 0006 1844     		add	r0, r0, r3
  46              	.LVL1:
  47              		.loc 1 70 35 is_stmt 0 view .LVU7
  48 0008 0369     		ldr	r3, [r0, #16]
  49              		.loc 1 70 126 view .LVU8
  50 000a 01F00301 		and	r1, r1, #3
  51              	.LVL2:
  52              		.loc 1 70 109 view .LVU9
  53 000e C900     		lsls	r1, r1, #3
  54              		.loc 1 70 39 view .LVU10
  55 0010 F824     		movs	r4, #248
  56 0012 8C40     		lsls	r4, r4, r1
  57              		.loc 1 70 35 view .LVU11
  58 0014 23EA0403 		bic	r3, r3, r4
  59 0018 0361     		str	r3, [r0, #16]
  71:/opt/XMClib/XMC_Peripheral_Library_v2.1.16/XMCLib/src/xmc_gpio.c ****   port->IOCR[(uint32_t)pin >> 2U] |= (uint32_t)mode << ((uint32_t)PORT_IOCR_PC_Size * ((uint32_t)pi
  60              		.loc 1 71 3 is_stmt 1 view .LVU12
  61              		.loc 1 71 35 is_stmt 0 view .LVU13
  62 001a 0369     		ldr	r3, [r0, #16]
  63              		.loc 1 71 53 view .LVU14
  64 001c 02FA01F1 		lsl	r1, r2, r1
  65              		.loc 1 71 35 view .LVU15
  66 0020 1943     		orrs	r1, r1, r3
  67 0022 0161     		str	r1, [r0, #16]
  72:/opt/XMClib/XMC_Peripheral_Library_v2.1.16/XMCLib/src/xmc_gpio.c **** }
  68              		.loc 1 72 1 view .LVU16
  69 0024 5DF8044B 		ldr	r4, [sp], #4
  70              	.LCFI1:
  71              		.cfi_restore 4
  72              		.cfi_def_cfa_offset 0
  73 0028 7047     		bx	lr
  74              		.cfi_endproc
  75              	.LFE138:
  77              		.section	.text.XMC_GPIO_SetHardwareControl,"ax",%progbits
  78              		.align	1
  79              		.global	XMC_GPIO_SetHardwareControl
  80              		.syntax unified
  81              		.thumb
  82              		.thumb_func
  83              		.fpu fpv4-sp-d16
  85              	XMC_GPIO_SetHardwareControl:
  86              	.LVL3:
  87              	.LFB139:
  73:/opt/XMClib/XMC_Peripheral_Library_v2.1.16/XMCLib/src/xmc_gpio.c **** 
  74:/opt/XMClib/XMC_Peripheral_Library_v2.1.16/XMCLib/src/xmc_gpio.c **** void XMC_GPIO_SetHardwareControl(XMC_GPIO_PORT_t *const port, const uint8_t pin, const XMC_GPIO_HWC
  75:/opt/XMClib/XMC_Peripheral_Library_v2.1.16/XMCLib/src/xmc_gpio.c **** {
  88              		.loc 1 75 1 is_stmt 1 view -0
  89              		.cfi_startproc
  90              		@ args = 0, pretend = 0, frame = 0
  91              		@ frame_needed = 0, uses_anonymous_args = 0
  92              		@ link register save eliminated.
  93              		.loc 1 75 1 is_stmt 0 view .LVU18
  94 0000 10B4     		push	{r4}
  95              	.LCFI2:
  96              		.cfi_def_cfa_offset 4
  97              		.cfi_offset 4, -4
  76:/opt/XMClib/XMC_Peripheral_Library_v2.1.16/XMCLib/src/xmc_gpio.c ****   XMC_ASSERT("XMC_GPIO_SetHardwareControl: Invalid port", XMC_GPIO_CHECK_PORT(port));
  98              		.loc 1 76 3 is_stmt 1 view .LVU19
  99              		.loc 1 76 85 view .LVU20
  77:/opt/XMClib/XMC_Peripheral_Library_v2.1.16/XMCLib/src/xmc_gpio.c ****   XMC_ASSERT("XMC_GPIO_SetHardwareControl: Invalid hwctrl", XMC_GPIO_CHECK_HWCTRL(hwctrl));
 100              		.loc 1 77 3 view .LVU21
 101              		.loc 1 77 91 view .LVU22
  78:/opt/XMClib/XMC_Peripheral_Library_v2.1.16/XMCLib/src/xmc_gpio.c **** 
  79:/opt/XMClib/XMC_Peripheral_Library_v2.1.16/XMCLib/src/xmc_gpio.c ****   port->HWSEL &= ~(uint32_t)((uint32_t)PORT_HWSEL_Msk << ((uint32_t)pin << 1U));
 102              		.loc 1 79 3 view .LVU23
 103              		.loc 1 79 15 is_stmt 0 view .LVU24
 104 0002 436F     		ldr	r3, [r0, #116]
 105              		.loc 1 79 73 view .LVU25
 106 0004 4900     		lsls	r1, r1, #1
 107              	.LVL4:
 108              		.loc 1 79 19 view .LVU26
 109 0006 0324     		movs	r4, #3
 110 0008 8C40     		lsls	r4, r4, r1
 111              		.loc 1 79 15 view .LVU27
 112 000a 23EA0403 		bic	r3, r3, r4
 113 000e 4367     		str	r3, [r0, #116]
  80:/opt/XMClib/XMC_Peripheral_Library_v2.1.16/XMCLib/src/xmc_gpio.c ****   port->HWSEL |= (uint32_t)hwctrl << ((uint32_t)pin << 1U);
 114              		.loc 1 80 3 is_stmt 1 view .LVU28
 115              		.loc 1 80 15 is_stmt 0 view .LVU29
 116 0010 436F     		ldr	r3, [r0, #116]
 117              		.loc 1 80 35 view .LVU30
 118 0012 8A40     		lsls	r2, r2, r1
 119              	.LVL5:
 120              		.loc 1 80 15 view .LVU31
 121 0014 1A43     		orrs	r2, r2, r3
 122 0016 4267     		str	r2, [r0, #116]
  81:/opt/XMClib/XMC_Peripheral_Library_v2.1.16/XMCLib/src/xmc_gpio.c **** }
 123              		.loc 1 81 1 view .LVU32
 124 0018 5DF8044B 		ldr	r4, [sp], #4
 125              	.LCFI3:
 126              		.cfi_restore 4
 127              		.cfi_def_cfa_offset 0
 128 001c 7047     		bx	lr
 129              		.cfi_endproc
 130              	.LFE139:
 132              		.text
 133              	.Letext0:
 134              		.file 2 "/usr/lib/gcc/arm-none-eabi/9.2.1/include/stdint.h"
 135              		.file 3 "/usr/lib/gcc/arm-none-eabi/9.2.1/include/stddef.h"
 136              		.file 4 "/usr/include/newlib/sys/_types.h"
 137              		.file 5 "/usr/include/newlib/sys/reent.h"
 138              		.file 6 "/usr/include/newlib/sys/lock.h"
 139              		.file 7 "/opt/XMClib/XMC_Peripheral_Library_v2.1.16/CMSIS/Include/core_cm4.h"
 140              		.file 8 "/opt/XMClib/XMC_Peripheral_Library_v2.1.16/CMSIS/Infineon/XMC4500_series/Include/system_X
 141              		.file 9 "/opt/XMClib/XMC_Peripheral_Library_v2.1.16/XMCLib/inc/xmc_gpio.h"
 142              		.file 10 "/opt/XMClib/XMC_Peripheral_Library_v2.1.16/XMCLib/inc/xmc4_gpio.h"
DEFINED SYMBOLS
                            *ABS*:0000000000000000 xmc_gpio.c
     /tmp/ccFFanwK.s:17     .text.XMC_GPIO_SetMode:0000000000000000 $t
     /tmp/ccFFanwK.s:25     .text.XMC_GPIO_SetMode:0000000000000000 XMC_GPIO_SetMode
     /tmp/ccFFanwK.s:78     .text.XMC_GPIO_SetHardwareControl:0000000000000000 $t
     /tmp/ccFFanwK.s:85     .text.XMC_GPIO_SetHardwareControl:0000000000000000 XMC_GPIO_SetHardwareControl
                           .group:0000000000000000 wm4.0.2b1621af4d156004b207f1d62b99413e
                           .group:0000000000000000 wm4.stddef.h.39.27677723d43e5b5a7afdf8d798429f1d
                           .group:0000000000000000 wm4.stdint.h.29.6d480f4ba0f60596e88234283d42444f
                           .group:0000000000000000 wm4.stdbool.h.29.07dce69c3b78884144b7f7bd19483461
                           .group:0000000000000000 wm4._newlib_version.h.4.1ef4e12f167f8b69d7c30054be56050d
                           .group:0000000000000000 wm4.newlib.h.21.1ae2897bc09bbe4bc80ffb801fb02432
                           .group:0000000000000000 wm4.ieeefp.h.77.f33a4dce62116f6f5175ff8bae57a54c
                           .group:0000000000000000 wm4.features.h.22.026edb2397769f4ae13f35900dbdb560
                           .group:0000000000000000 wm4.config.h.224.c701144a7b0518c6ee9b9b5465b79f81
                           .group:0000000000000000 wm4._ansi.h.31.de524f58584151836e90d8620a16f8e8
                           .group:0000000000000000 wm4._types.h.20.dd0d04dca3800a0d2a6129b87f3adbb2
                           .group:0000000000000000 wm4.stddef.h.155.3588ebfdd1e8c7ede80509bb9c3b8009
                           .group:0000000000000000 wm4._default_types.h.6.959254cf5f09734ea7516c89e8bb21bd
                           .group:0000000000000000 wm4._types.h.127.34941de1b2539d59d5cac00e0dd27a45
                           .group:0000000000000000 wm4.reent.h.17.e292bf8b0bec6c96e131a54347145a30
                           .group:0000000000000000 wm4.lock.h.2.c0958401bd0ce484d507ee19aacab817
                           .group:0000000000000000 wm4.reent.h.77.dcd6129ff07fe81bd5636db29abe53b2
                           .group:0000000000000000 wm4.cdefs.h.49.2bf373aedffd8b393ccd11dc057e8547
                           .group:0000000000000000 wm4.string.h.15.dab3980bf35408a4c507182805e2de3a
                           .group:0000000000000000 wm4.stddef.h.155.ba788add86a0e365f264484f110c3c29
                           .group:0000000000000000 wm4.xmc_device.h.61.ba2d082e12f51240746cffdd60d42b81
                           .group:0000000000000000 wm4.XMC4500.h.55.9aa45b9b5790506b2dcb963e4e7adeaf
                           .group:0000000000000000 wm4.core_cm4.h.32.6c6eb1c8daeca23ce7ba79c8e8120d52
                           .group:0000000000000000 wm4.cmsis_gcc.h.26.91b63349961c35637933e4fba51b867b
                           .group:0000000000000000 wm4.core_cm4.h.172.fdd5a388a160bb6ff767b7d7ee212268
                           .group:0000000000000000 wm4.system_XMC4500.h.42.99124977c10ca8844a71949adbeabd70
                           .group:0000000000000000 wm4.XMC4500.h.208.b340195df97f067735c4c769ba59985a
                           .group:0000000000000000 wm4.xmc_device.h.1460.8860499b404961ffcfbb8d1fefcb2146
                           .group:0000000000000000 wm4.xmc_common.h.92.3f4336a80569affab05a81145b87c2fc
                           .group:0000000000000000 wm4.xmc_gpio.h.97.fa6a2e1be6030a75d960293cc3bbbd6b
                           .group:0000000000000000 wm4.xmc4_gpio_map.h.74.66e9110cf801b78826ef5354da51c32f
                           .group:0000000000000000 wm4.xmc4_gpio.h.79.ce6c49508b5a7769c66e7e3c21dcdfe4

NO UNDEFINED SYMBOLS
