-------------------------------------------------------------------
Timestamp: 2023-1-18
Number of guessed Characters (last time): 14 (100%)
Number of tries: 1
-------------------------------------------------------------------
Timestamp: 2023-1-18
Number of guessed Characters (last time): 0 (0%)
Number of tries: 0
-------------------------------------------------------------------
Timestamp: 2023-1-18
Number of guessed Characters (last time): 5 (100%)
Number of tries: 1
-------------------------------------------------------------------
Timestamp: 2023-1-18
Number of guessed Characters (last time): 1 (20%)
Number of tries: 13
-------------------------------------------------------------------
Timestamp: 2023-1-18
Number of guessed Characters (last time): 5 (100%)
Number of tries: 1
-------------------------------------------------------------------
Timestamp: 2023-1-18
Number of guessed Characters (last time): 1 (100%)
Number of tries: 1
-------------------------------------------------------------------
Timestamp: 2023-1-18
Number of guessed Characters (last time): 0 (0%)
Number of tries: 1
-------------------------------------------------------------------
Timestamp: 2023-1-18
Number of guessed Characters (last time): 1 (33.3333%)
Number of tries: 1
-------------------------------------------------------------------
Timestamp: 2023-1-18
Number of guessed Characters (last time): 0 (0%)
Number of tries: 2
-------------------------------------------------------------------
Timestamp: 2023-1-18
Number of guessed Characters (last time): 1 (33.3333%)
Number of tries: 1
-------------------------------------------------------------------
Timestamp: 2023-1-18
Number of guessed Characters (last time): 0 (0%)
Number of tries: 0
-------------------------------------------------------------------
Timestamp: 2023-1-18
Number of guessed Characters (last time): 2 (66.6667%)
Number of tries: 3
-------------------------------------------------------------------
Timestamp: 2023-1-18
Number of guessed Characters (last time): 3 (100%)
Number of tries: 4
-------------------------------------------------------------------
Timestamp: 2023-1-18
Number of guessed Characters (last time): 3 (100%)
Number of tries: 1
-------------------------------------------------------------------
Timestamp: 2023-1-18
Number of guessed Characters (last time): 2 (66.6667%)
Number of tries: 1
-------------------------------------------------------------------
Timestamp: 2023-1-18
Number of guessed Characters (last time): 3 (100%)
Number of tries: 1
-------------------------------------------------------------------
Timestamp: 2023-1-18
Number of guessed Characters (last time): 0 (0%)
Number of tries: 4
-------------------------------------------------------------------
Timestamp: 2023-1-18
Number of guessed Characters (last time): 0 (0%)
Number of tries: 0
-------------------------------------------------------------------
Timestamp: 2023-1-18
Number of guessed Characters (last time): 0 (0%)
Number of tries: 0
-------------------------------------------------------------------
Timestamp: 2023-1-18
Number of guessed Characters (last time): 0 (0%)
Number of tries: 1
-------------------------------------------------------------------
Timestamp: 2023-1-18
Number of guessed Characters (last time): 0 (0%)
Number of tries: 0
-------------------------------------------------------------------
Timestamp: 2023-1-18
Number of guessed Characters (last time): 0 (0%)
Number of tries: 0
-------------------------------------------------------------------
Timestamp: 2023-1-18
Number of guessed Characters (last time): 0 (0%)
Number of tries: 0
-------------------------------------------------------------------
Timestamp: 2023-1-18
Number of guessed Characters (last time): 0 (0%)
Number of tries: 0
-------------------------------------------------------------------
Timestamp: 2023-1-18
Number of guessed Characters (last time): 1 (20%)
Number of tries: 4
-------------------------------------------------------------------
Timestamp: 2023-1-18
Number of guessed Characters (last time): 0 (0%)
Number of tries: 5
-------------------------------------------------------------------
Timestamp: 2023-1-18
Number of guessed Characters (last time): 0 (0%)
Number of tries: 0
-------------------------------------------------------------------
Timestamp: 2023-1-18
Number of guessed Characters (last time): 0 (0%)
Number of tries: 0
-------------------------------------------------------------------
Timestamp: 2023-1-18
Number of guessed Characters (last time): 0 (0%)
Number of tries: 1
-------------------------------------------------------------------
Timestamp: 2023-1-18
Number of guessed Characters (last time): 0 (0%)
Number of tries: 0
-------------------------------------------------------------------
Timestamp: 2023-1-18
Number of guessed Characters (last time): 0 (0%)
Number of tries: 0
-------------------------------------------------------------------
Timestamp: 2023-1-18
Number of guessed Characters (last time): 0 (0%)
Number of tries: 0
-------------------------------------------------------------------
Timestamp: 2023-1-18
Number of guessed Characters (last time): 0 (0%)
Number of tries: 0
-------------------------------------------------------------------
Timestamp: 2023-1-18
Number of guessed Characters (last time): 0 (0%)
Number of tries: 0
-------------------------------------------------------------------
Timestamp: 2023-1-18
Number of guessed Characters (last time): 0 (0%)
Number of tries: 0
-------------------------------------------------------------------
Timestamp: 2023-1-18
Number of guessed Characters (last time): 0 (0%)
Number of tries: 0
-------------------------------------------------------------------
Timestamp: 2023-1-18
Number of guessed Characters (last time): 0 (0%)
Number of tries: 0
-------------------------------------------------------------------
Timestamp: 2023-1-18
Number of guessed Characters (last time): 0 (0%)
Number of tries: 0
-------------------------------------------------------------------
Timestamp: 2023-1-18
Number of guessed Characters (last time): 0 (0%)
Number of tries: 0
-------------------------------------------------------------------
Timestamp: 2023-1-18
Number of guessed Characters (last time): 0 (0%)
Number of tries: 0
-------------------------------------------------------------------
Timestamp: 2023-1-18
Number of guessed Characters (last time): 0 (0%)
Number of tries: 0
-------------------------------------------------------------------
Timestamp: 2023-1-18
Number of guessed Characters (last time): 0 (0%)
Number of tries: 0
-------------------------------------------------------------------
Timestamp: 2023-1-18
Number of guessed Characters (last time): 0 (0%)
Number of tries: 0
-------------------------------------------------------------------
Timestamp: 2023-1-18
Number of guessed Characters (last time): 0 (0%)
Number of tries: 0
-------------------------------------------------------------------
Timestamp: 2023-1-18
Number of guessed Characters (last time): 0 (0%)
Number of tries: 0
-------------------------------------------------------------------
Timestamp: 2023-1-18
Number of guessed Characters (last time): 0 (0%)
Number of tries: 0
-------------------------------------------------------------------
Timestamp: 2023-1-18
Number of guessed Characters (last time): 0 (0%)
Number of tries: 0
-------------------------------------------------------------------
Timestamp: 2023-1-18
Number of guessed Characters (last time): 0 (0%)
Number of tries: 7
-------------------------------------------------------------------
Timestamp: 2023-1-18
Number of guessed Characters (last time): 0 (0%)
Number of tries: 2
-------------------------------------------------------------------
Timestamp: 2023-1-18
Number of guessed Characters (last time): 0 (0%)
Number of tries: 0
-------------------------------------------------------------------
Timestamp: 2023-1-18
Number of guessed Characters (last time): 0 (0%)
Number of tries: 0
-------------------------------------------------------------------
Timestamp: 2023-1-18
Number of guessed Characters (last time): 0 (0%)
Number of tries: 0
-------------------------------------------------------------------
Timestamp: 2023-1-18
Number of guessed Characters (last time): 0 (0%)
Number of tries: 0
-------------------------------------------------------------------
Timestamp: 2023-1-18
Number of guessed Characters (last time): 0 (0%)
Number of tries: 0
-------------------------------------------------------------------
Timestamp: 2023-1-18
Number of guessed Characters (last time): 0 (0%)
Number of tries: 0
-------------------------------------------------------------------
Timestamp: 2023-1-18
Number of guessed Characters (last time): 0 (0%)
Number of tries: 0
-------------------------------------------------------------------
Timestamp: 2023-1-18
Number of guessed Characters (last time): 0 (0%)
Number of tries: 0
-------------------------------------------------------------------
Timestamp: 2023-1-18
Number of guessed Characters (last time): 0 (0%)
Number of tries: 0
-------------------------------------------------------------------
Timestamp: 2023-1-18
Number of guessed Characters (last time): 1 (20%)
Number of tries: 2
-------------------------------------------------------------------
Timestamp: 2023-1-18
Number of guessed Characters (last time): 0 (0%)
Number of tries: 0
-------------------------------------------------------------------
Timestamp: 2023-1-18
Number of guessed Characters (last time): 0 (0%)
Number of tries: 0
-------------------------------------------------------------------
Timestamp: 2023-1-18
Number of guessed Characters (last time): 0 (0%)
Number of tries: 0
-------------------------------------------------------------------
Timestamp: 2023-1-19
Number of guessed Characters (last time): 0 (0%)
Number of tries: 0
-------------------------------------------------------------------
Timestamp: 2023-1-19
Number of guessed Characters (last time): 0 (0%)
Number of tries: 2
-------------------------------------------------------------------
Timestamp: 2023-1-19
Number of guessed Characters (last time): 0 (0%)
Number of tries: 0
-------------------------------------------------------------------
Timestamp: 2023-1-19
Number of guessed Characters (last time): 0 (0%)
Number of tries: 0
-------------------------------------------------------------------
Timestamp: 2023-1-19
Number of guessed Characters (last time): 0 (0%)
Number of tries: 0
-------------------------------------------------------------------
Timestamp: 2023-1-19
Number of guessed Characters (last time): 0 (0%)
Number of tries: 0
-------------------------------------------------------------------
Timestamp: 2023-1-19
Number of guessed Characters (last time): 0 (0%)
Number of tries: 0
-------------------------------------------------------------------
Timestamp: 2023-1-19
Number of guessed Characters (last time): 0 (0%)
Number of tries: 0
-------------------------------------------------------------------
Timestamp: 2023-1-19
Number of guessed Characters (last time): 0 (0%)
Number of tries: 0
-------------------------------------------------------------------
Timestamp: 2023-1-19
Number of guessed Characters (last time): 0 (0%)
Number of tries: 0
-------------------------------------------------------------------
Timestamp: 2023-1-19
Number of guessed Characters (last time): 0 (0%)
Number of tries: 0
-------------------------------------------------------------------
Timestamp: 2023-1-19
Number of guessed Characters (last time): 0 (0%)
Number of tries: 1
-------------------------------------------------------------------
Timestamp: 2023-1-19
Number of guessed Characters (last time): 0 (0%)
Number of tries: 0
-------------------------------------------------------------------
Timestamp: 2023-1-19
Number of guessed Characters (last time): 0 (0%)
Number of tries: 0
-------------------------------------------------------------------
Timestamp: 2023-1-19
Number of guessed Characters (last time): 0 (0%)
Number of tries: 0
-------------------------------------------------------------------
Timestamp: 2023-1-19
Number of guessed Characters (last time): 0 (0%)
Number of tries: 0
-------------------------------------------------------------------
Timestamp: 2023-1-19
Number of guessed Characters (last time): 0 (0%)
Number of tries: 0
-------------------------------------------------------------------
Timestamp: 2023-1-19
Number of guessed Characters (last time): 0 (0%)
Number of tries: 0
-------------------------------------------------------------------
Timestamp: 2023-1-19
Number of guessed Characters (last time): 0 (0%)
Number of tries: 0
-------------------------------------------------------------------
Timestamp: 2023-1-19
Number of guessed Characters (last time): 0 (0%)
Number of tries: 0
-------------------------------------------------------------------
Timestamp: 2023-1-19
Number of guessed Characters (last time): 0 (0%)
Number of tries: 0
-------------------------------------------------------------------
Timestamp: 2023-1-19
Number of guessed Characters (last time): 0 (0%)
Number of tries: 0
-------------------------------------------------------------------
Timestamp: 2023-1-19
Number of guessed Characters (last time): 0 (0%)
Number of tries: 0
-------------------------------------------------------------------
Timestamp: 2023-1-19
Number of guessed Characters (last time): 0 (0%)
Number of tries: 0
-------------------------------------------------------------------
Timestamp: 2023-1-19
Number of guessed Characters (last time): 0 (0%)
Number of tries: 0
-------------------------------------------------------------------
Timestamp: 2023-1-19
Number of guessed Characters (last time): 0 (0%)
Number of tries: 0
-------------------------------------------------------------------
Timestamp: 2023-1-19
Number of guessed Characters (last time): 0 (0%)
Number of tries: 0
-------------------------------------------------------------------
Timestamp: 2023-1-19
Number of guessed Characters (last time): 0 (0%)
Number of tries: 0
-------------------------------------------------------------------
Timestamp: 2023-1-19
Number of guessed Characters (last time): 0 (0%)
Number of tries: 0
-------------------------------------------------------------------
Timestamp: 2023-1-19
Number of guessed Characters (last time): 0 (0%)
Number of tries: 0
-------------------------------------------------------------------
Timestamp: 2023-1-19
Number of guessed Characters (last time): 0 (0%)
Number of tries: 0
-------------------------------------------------------------------
Timestamp: 2023-1-19
Number of guessed Characters (last time): 0 (0%)
Number of tries: 0
-------------------------------------------------------------------
Timestamp: 2023-1-19
Number of guessed Characters (last time): 0 (0%)
Number of tries: 0
-------------------------------------------------------------------
Timestamp: 2023-1-19
Number of guessed Characters (last time): 0 (0%)
Number of tries: 0
-------------------------------------------------------------------
Timestamp: 2023-1-19
Number of guessed Characters (last time): 0 (0%)
Number of tries: 0
-------------------------------------------------------------------
Timestamp: 2023-1-19
Number of guessed Characters (last time): 0 (0%)
Number of tries: 0
-------------------------------------------------------------------
Timestamp: 2023-1-19
Number of guessed Characters (last time): 0 (0%)
Number of tries: 0
-------------------------------------------------------------------
Timestamp: 2023-1-19
Number of guessed Characters (last time): 0 (0%)
Number of tries: 0
-------------------------------------------------------------------
Timestamp: 2023-1-19
Number of guessed Characters (last time): 0 (0%)
Number of tries: 0
-------------------------------------------------------------------
Timestamp: 2023-1-19
Number of guessed Characters (last time): 0 (0%)
Number of tries: 0
-------------------------------------------------------------------
Timestamp: 2023-1-19
Number of guessed Characters (last time): 0 (0%)
Number of tries: 0
-------------------------------------------------------------------
Timestamp: 2023-1-19
Number of guessed Characters (last time): 0 (0%)
Number of tries: 0
-------------------------------------------------------------------
Timestamp: 2023-1-19
Number of guessed Characters (last time): 0 (0%)
Number of tries: 0
-------------------------------------------------------------------
Timestamp: 2023-1-19
Number of guessed Characters (last time): 0 (0%)
Number of tries: 0
-------------------------------------------------------------------
Timestamp: 2023-1-19
Number of guessed Characters (last time): 0 (0%)
Number of tries: 0
-------------------------------------------------------------------
Timestamp: 2023-1-19
Number of guessed Characters (last time): 0 (0%)
Number of tries: 0
-------------------------------------------------------------------
Timestamp: 2023-1-19
Number of guessed Characters (last time): 0 (0%)
Number of tries: 0
-------------------------------------------------------------------
Timestamp: 2023-1-19
Number of guessed Characters (last time): 0 (0%)
Number of tries: 0
-------------------------------------------------------------------
Timestamp: 2023-1-19
Number of guessed Characters (last time): 0 (0%)
Number of tries: 0
-------------------------------------------------------------------
Timestamp: 2023-1-19
Number of guessed Characters (last time): 0 (0%)
Number of tries: 0
-------------------------------------------------------------------
Timestamp: 2023-1-19
Number of guessed Characters (last time): 0 (0%)
Number of tries: 0
-------------------------------------------------------------------
Timestamp: 2023-1-19
Number of guessed Characters (last time): 0 (0%)
Number of tries: 0
-------------------------------------------------------------------
Timestamp: 2023-1-19
Number of guessed Characters (last time): 0 (0%)
Number of tries: 0
-------------------------------------------------------------------
Timestamp: 2023-1-19
Number of guessed Characters (last time): 0 (0%)
Number of tries: 0
-------------------------------------------------------------------
Timestamp: 2023-1-19
Number of guessed Characters (last time): 0 (0%)
Number of tries: 0
-------------------------------------------------------------------
Timestamp: 2023-1-19
Number of guessed Characters (last time): 0 (0%)
Number of tries: 0
-------------------------------------------------------------------
Timestamp: 2023-1-20
Number of guessed Characters (last time): 2 (40%)
Number of tries: 10
-------------------------------------------------------------------
Timestamp: 2023-1-20
Number of guessed Characters (last time): 0 (0%)
Number of tries: 3
-------------------------------------------------------------------
Timestamp: 2023-1-20
Number of guessed Characters (last time): 0 (0%)
Number of tries: 0
-------------------------------------------------------------------
Timestamp: 2023-1-20
Number of guessed Characters (last time): 1 (20%)
Number of tries: 455
-------------------------------------------------------------------
Timestamp: 2023-1-20
Number of guessed Characters (last time): 0 (0%)
Number of tries: 51
-------------------------------------------------------------------
Timestamp: 2023-1-20
Number of guessed Characters (last time): 0 (0%)
Number of tries: 91
-------------------------------------------------------------------
Timestamp: 2023-1-20
Number of guessed Characters (last time): 0 (0%)
Number of tries: 0
-------------------------------------------------------------------
Timestamp: 2023-1-20
Number of guessed Characters (last time): 0 (0%)
Number of tries: 0
-------------------------------------------------------------------
Timestamp: 2023-1-20
Number of guessed Characters (last time): 0 (0%)
Number of tries: 0
-------------------------------------------------------------------
Timestamp: 2023-1-20
Number of guessed Characters (last time): 5 (100%)
Number of tries: 9
-------------------------------------------------------------------
Timestamp: 2023-1-20
Number of guessed Characters (last time): 1 (20%)
Number of tries: 6
-------------------------------------------------------------------
Timestamp: 2023-1-20
Number of guessed Characters (last time): 5 (100%)
Number of tries: 16
-------------------------------------------------------------------
Timestamp: 2023-1-20
Number of guessed Characters (last time): 0 (0%)
Number of tries: 90
-------------------------------------------------------------------
Timestamp: 2023-1-20
Number of guessed Characters (last time): 0 (0%)
Number of tries: 90
-------------------------------------------------------------------
Timestamp: 2023-1-20
Number of guessed Characters (last time): 0 (0%)
Number of tries: 90
-------------------------------------------------------------------
Timestamp: 2023-1-20
Number of guessed Characters (last time): 0 (0%)
Number of tries: 58
-------------------------------------------------------------------
Timestamp: 2023-1-20
Number of guessed Characters (last time): 0 (0%)
Number of tries: 1
-------------------------------------------------------------------
Timestamp: 2023-1-20
Number of guessed Characters (last time): 0 (0%)
Number of tries: 362
-------------------------------------------------------------------
Timestamp: 2023-1-20
Number of guessed Characters (last time): 0 (0%)
Number of tries: 0
-------------------------------------------------------------------
Timestamp: 2023-1-20
Number of guessed Characters (last time): 2 (40%)
Number of tries: 1
-------------------------------------------------------------------
Timestamp: 2023-1-20
Number of guessed Characters (last time): 0 (0%)
Number of tries: 0
-------------------------------------------------------------------
Timestamp: 2023-1-20
Number of guessed Characters (last time): 0 (0%)
Number of tries: 2
-------------------------------------------------------------------
Timestamp: 2023-1-20
Number of guessed Characters (last time): 0 (0%)
Number of tries: 6
-------------------------------------------------------------------
Timestamp: 2023-1-20
Number of guessed Characters (last time): 1 (20%)
Number of tries: 44
-------------------------------------------------------------------
Timestamp: 2023-1-20
Number of guessed Characters (last time): 0 (0%)
Number of tries: 4
-------------------------------------------------------------------
Timestamp: 2023-1-20
Number of guessed Characters (last time): 0 (0%)
Number of tries: 0
-------------------------------------------------------------------
Timestamp: 2023-1-21
Number of guessed Characters (last time): 0 (0%)
Number of tries: 2
-------------------------------------------------------------------
Timestamp: 2023-1-21
Number of guessed Characters (last time): 5 (100%)
Number of tries: 9
-------------------------------------------------------------------
Timestamp: 2023-1-21
Number of guessed Characters (last time): 5 (100%)
Number of tries: 3
-------------------------------------------------------------------
Timestamp: 2023-1-21
Number of guessed Characters (last time): 0 (0%)
Number of tries: 2
-------------------------------------------------------------------
Timestamp: 2023-1-21
Number of guessed Characters (last time): 2 (40%)
Number of tries: 4
-------------------------------------------------------------------
Timestamp: 2023-1-21
Number of guessed Characters (last time): 1 (20%)
Number of tries: 2
-------------------------------------------------------------------
Timestamp: 2023-1-21
Number of guessed Characters (last time): 0 (0%)
Number of tries: 0
-------------------------------------------------------------------
Timestamp: 2023-1-21
Number of guessed Characters (last time): 0 (0%)
Number of tries: 0
-------------------------------------------------------------------
Timestamp: 2023-1-21
Number of guessed Characters (last time): 0 (0%)
Number of tries: 0
-------------------------------------------------------------------
Timestamp: 2023-1-21
Number of guessed Characters (last time): 0 (0%)
Number of tries: 0
-------------------------------------------------------------------
Timestamp: 2023-1-21
Number of guessed Characters (last time): 0 (0%)
Number of tries: 66
-------------------------------------------------------------------
Timestamp: 2023-1-21
Number of guessed Characters (last time): 1 (20%)
Number of tries: 103
-------------------------------------------------------------------
Timestamp: 2023-1-21
Number of guessed Characters (last time): 0 (0%)
Number of tries: 135
-------------------------------------------------------------------
Timestamp: 2023-1-21
Number of guessed Characters (last time): 1 (20%)
Number of tries: 68
-------------------------------------------------------------------
Timestamp: 2023-1-22
Number of guessed Characters (last time): 1 (20%)
Number of tries: 55
-------------------------------------------------------------------
Timestamp: 2023-1-22
Number of guessed Characters (last time): 3 (60%)
Number of tries: 108
-------------------------------------------------------------------
Timestamp: 2023-1-22
Number of guessed Characters (last time): 0 (0%)
Number of tries: 0
-------------------------------------------------------------------
Timestamp: 2023-1-22
Number of guessed Characters (last time): 0 (0%)
Number of tries: 0
-------------------------------------------------------------------
Timestamp: 2023-1-22
Number of guessed Characters (last time): 3 (60%)
Number of tries: 194
-------------------------------------------------------------------
Timestamp: 2023-1-22
Number of guessed Characters (last time): 4 (80%)
Number of tries: 104
-------------------------------------------------------------------
Timestamp: 2023-1-22
Number of guessed Characters (last time): 0 (0%)
Number of tries: 4
-------------------------------------------------------------------
Timestamp: 2023-1-22
Number of guessed Characters (last time): 0 (0%)
Number of tries: 0
-------------------------------------------------------------------
Timestamp: 2023-1-22
Number of guessed Characters (last time): 0 (0%)
Number of tries: 0
-------------------------------------------------------------------
Timestamp: 2023-1-22
Number of guessed Characters (last time): 0 (0%)
Number of tries: 0
-------------------------------------------------------------------
Timestamp: 2023-1-22
Number of guessed Characters (last time): 2 (40%)
Number of tries: 267
-------------------------------------------------------------------
Timestamp: 2023-1-22
Number of guessed Characters (last time): 3 (60%)
Number of tries: 112
-------------------------------------------------------------------
Timestamp: 2023-1-22
Number of guessed Characters (last time): 0 (0%)
Number of tries: 0
-------------------------------------------------------------------
Timestamp: 2023-1-22
Number of guessed Characters (last time): 0 (0%)
Number of tries: 66
-------------------------------------------------------------------
Timestamp: 2023-1-22
Number of guessed Characters (last time): 0 (0%)
Number of tries: 0
-------------------------------------------------------------------
Timestamp: 2023-1-22
Number of guessed Characters (last time): 0 (0%)
Number of tries: 0
-------------------------------------------------------------------
Timestamp: 2023-1-22
Number of guessed Characters (last time): 0 (0%)
Number of tries: 0
-------------------------------------------------------------------
Timestamp: 2023-1-22
Number of guessed Characters (last time): 0 (0%)
Number of tries: 0
-------------------------------------------------------------------
Timestamp: 2023-1-22
Number of guessed Characters (last time): 1 (20%)
Number of tries: 191
-------------------------------------------------------------------
Timestamp: 2023-1-22
Number of guessed Characters (last time): 5 (100%)
Number of tries: 223
-------------------------------------------------------------------
Timestamp: 2023-1-22
Number of guessed Characters (last time): 5 (100%)
Number of tries: 82
-------------------------------------------------------------------
Timestamp: 2023-1-22
Number of guessed Characters (last time): 0 (0%)
Number of tries: 37
-------------------------------------------------------------------
Timestamp: 2023-1-22
Number of guessed Characters (last time): 0 (0%)
Number of tries: 6
-------------------------------------------------------------------
Timestamp: 2023-1-22
Number of guessed Characters (last time): 3 (30%)
Number of tries: 161
-------------------------------------------------------------------
Timestamp: 2023-1-22
Number of guessed Characters (last time): 0 (0%)
Number of tries: 0
-------------------------------------------------------------------
Timestamp: 2023-1-22
Number of guessed Characters (last time): 0 (0%)
Number of tries: 94
-------------------------------------------------------------------
Timestamp: 2023-1-22
Number of guessed Characters (last time): 0 (0%)
Number of tries: 0
-------------------------------------------------------------------
Timestamp: 2023-1-22
Number of guessed Characters (last time): 0 (0%)
Number of tries: 0
-------------------------------------------------------------------
Timestamp: 2023-1-22
Number of guessed Characters (last time): 4 (40%)
Number of tries: 165
-------------------------------------------------------------------
Timestamp: 2023-1-22
Number of guessed Characters (last time): 0 (0%)
Number of tries: 30
-------------------------------------------------------------------
Timestamp: 2023-1-22
Number of guessed Characters (last time): 0 (0%)
Number of tries: 0
-------------------------------------------------------------------
Timestamp: 2023-1-22
Number of guessed Characters (last time): 0 (0%)
Number of tries: 0
-------------------------------------------------------------------
Timestamp: 2023-1-22
Number of guessed Characters (last time): 0 (0%)
Number of tries: 0
-------------------------------------------------------------------
Timestamp: 2023-1-22
Number of guessed Characters (last time): 0 (0%)
Number of tries: 0
-------------------------------------------------------------------
Timestamp: 2023-1-22
Number of guessed Characters (last time): 4 (40%)
Number of tries: 294
-------------------------------------------------------------------
Timestamp: 2023-1-22
Number of guessed Characters (last time): 0 (0%)
Number of tries: 7
-------------------------------------------------------------------
Timestamp: 2023-1-22
Number of guessed Characters (last time): 0 (0%)
Number of tries: 22
-------------------------------------------------------------------
Timestamp: 2023-1-22
Number of guessed Characters (last time): 4 (66.6667%)
Number of tries: 130
-------------------------------------------------------------------
Timestamp: 2023-1-22
Number of guessed Characters (last time): 0 (0%)
Number of tries: 0
-------------------------------------------------------------------
Timestamp: 2023-1-22
Number of guessed Characters (last time): 0 (0%)
Number of tries: 25
-------------------------------------------------------------------
Timestamp: 2023-1-22
Number of guessed Characters (last time): 4 (66.6667%)
Number of tries: 163
-------------------------------------------------------------------
Timestamp: 2023-1-22
Number of guessed Characters (last time): 0 (0%)
Number of tries: 0
-------------------------------------------------------------------
Timestamp: 2023-1-22
Number of guessed Characters (last time): 4 (80%)
Number of tries: 143
-------------------------------------------------------------------
Timestamp: 2023-1-24
Number of guessed Characters (last time): 0 (0%)
Number of tries: 0
-------------------------------------------------------------------
Timestamp: 2023-1-24
Number of guessed Characters (last time): 0 (0%)
Number of tries: 0
-------------------------------------------------------------------
Timestamp: 2023-1-24
Number of guessed Characters (last time): 0 (0%)
Number of tries: 0
-------------------------------------------------------------------
Timestamp: 2023-1-24
Number of guessed Characters (last time): 0 (0%)
Number of tries: 0
-------------------------------------------------------------------
Timestamp: 2023-1-24
Number of guessed Characters (last time): 0 (0%)
Number of tries: 0
-------------------------------------------------------------------
Timestamp: 2023-1-24
Number of guessed Characters (last time): 0 (0%)
Number of tries: 0
-------------------------------------------------------------------
Timestamp: 2023-1-24
Number of guessed Characters (last time): 0 (0%)
Number of tries: 0
-------------------------------------------------------------------
Timestamp: 2023-1-24
Number of guessed Characters (last time): 1 (7.69231%)
Number of tries: 107
-------------------------------------------------------------------
Timestamp: 2023-1-24
Number of guessed Characters (last time): 1 (5%)
Number of tries: 140
-------------------------------------------------------------------
Timestamp: 2023-1-24
Number of guessed Characters (last time): 1 (6.66667%)
Number of tries: 135
-------------------------------------------------------------------
Timestamp: 2023-1-24
Number of guessed Characters (last time): 1 (7.69231%)
Number of tries: 103
-------------------------------------------------------------------
Timestamp: 2023-1-24
Number of guessed Characters (last time): 1 (9.09091%)
Number of tries: 116
-------------------------------------------------------------------
Timestamp: 2023-1-24
Number of guessed Characters (last time): 0 (0%)
Number of tries: 0
-------------------------------------------------------------------
Timestamp: 2023-1-24
Number of guessed Characters (last time): 1 (5%)
Number of tries: 105
-------------------------------------------------------------------
Timestamp: 2023-1-24
Number of guessed Characters (last time): 0 (0%)
Number of tries: 0
-------------------------------------------------------------------
Timestamp: 2023-1-24
Number of guessed Characters (last time): 0 (0%)
Number of tries: 0
-------------------------------------------------------------------
Timestamp: 2023-1-25
Number of guessed Characters (last time): 0 (0%)
Number of tries: 95
-------------------------------------------------------------------
Timestamp: 2023-1-25
Number of guessed Characters (last time): 1 (6.66667%)
Number of tries: 43
-------------------------------------------------------------------
Timestamp: 2023-1-25
Number of guessed Characters (last time): 0 (0%)
Number of tries: 95
-------------------------------------------------------------------
Timestamp: 2023-1-26
Number of guessed Characters (last time): 5 (100%)
Number of tries: 433
-------------------------------------------------------------------
Timestamp: 2023-1-26
Number of guessed Characters (last time): 0 (0%)
Number of tries: 178
-------------------------------------------------------------------
Timestamp: 2023-1-26
Number of guessed Characters (last time): 8 (100%)
Number of tries: 689
-------------------------------------------------------------------
Timestamp: 2023-1-26
Number of guessed Characters (last time): 10 (100%)
Number of tries: 930
-------------------------------------------------------------------
Timestamp: 2023-1-26
Number of guessed Characters (last time): 14 (100%)
Number of tries: 1295
-------------------------------------------------------------------
Timestamp: 2023-1-26
Number of guessed Characters (last time): 8 (40%)
Number of tries: 1101
-------------------------------------------------------------------
Timestamp: 2023-1-26
Number of guessed Characters (last time): 0 (0%)
Number of tries: 0
-------------------------------------------------------------------
Timestamp: 2023-1-26
Number of guessed Characters (last time): 0 (0%)
Number of tries: 0
-------------------------------------------------------------------
Timestamp: 2023-1-26
Number of guessed Characters (last time): 0 (0%)
Number of tries: 106
-------------------------------------------------------------------
Timestamp: 2023-1-26
Number of guessed Characters (last time): 0 (0%)
Number of tries: 0
-------------------------------------------------------------------
Timestamp: 2023-1-26
Number of guessed Characters (last time): 0 (0%)
Number of tries: 0
-------------------------------------------------------------------
Timestamp: 2023-1-26
Number of guessed Characters (last time): 0 (0%)
Number of tries: 77
-------------------------------------------------------------------
Timestamp: 2023-1-26
Number of guessed Characters (last time): 0 (0%)
Number of tries: 0
-------------------------------------------------------------------
Timestamp: 2023-1-26
Number of guessed Characters (last time): 0 (0%)
Number of tries: 0
-------------------------------------------------------------------
Timestamp: 2023-1-26
Number of guessed Characters (last time): 0 (0%)
Number of tries: 0
-------------------------------------------------------------------
Timestamp: 2023-1-26
Number of guessed Characters (last time): 0 (0%)
Number of tries: 28
-------------------------------------------------------------------
Timestamp: 2023-1-26
Number of guessed Characters (last time): 0 (0%)
Number of tries: 0
-------------------------------------------------------------------
Timestamp: 2023-1-26
Number of guessed Characters (last time): 0 (0%)
Number of tries: 0
