   1              		.cpu cortex-m4
   2              		.eabi_attribute 27, 1
   3              		.eabi_attribute 20, 1
   4              		.eabi_attribute 21, 1
   5              		.eabi_attribute 23, 3
   6              		.eabi_attribute 24, 1
   7              		.eabi_attribute 25, 1
   8              		.eabi_attribute 26, 1
   9              		.eabi_attribute 30, 6
  10              		.eabi_attribute 34, 1
  11              		.eabi_attribute 18, 4
  12              		.file	"USBTask.c"
  13              		.text
  14              	.Ltext0:
  15              		.cfi_sections	.debug_frame
  16              		.comm	USB_IsInitialized,1,1
  17              		.comm	USB_ControlRequest,8,4
  18              		.comm	USB_DeviceState,1,1
  19              		.section	.text.USB_USBTask,"ax",%progbits
  20              		.align	1
  21              		.global	USB_USBTask
  22              		.arch armv7e-m
  23              		.syntax unified
  24              		.thumb
  25              		.thumb_func
  26              		.fpu fpv4-sp-d16
  28              	USB_USBTask:
  29              	.LFB188:
  30              		.file 1 "/opt/XMClib/XMC_Peripheral_Library_v2.1.16/ThirdPartyLibraries/USBlib/USB/Core/USBTask.c"
   1:/opt/XMClib/XMC_Peripheral_Library_v2.1.16/ThirdPartyLibraries/USBlib/USB/Core/USBTask.c **** /*
   2:/opt/XMClib/XMC_Peripheral_Library_v2.1.16/ThirdPartyLibraries/USBlib/USB/Core/USBTask.c ****              LUFA Library
   3:/opt/XMClib/XMC_Peripheral_Library_v2.1.16/ThirdPartyLibraries/USBlib/USB/Core/USBTask.c ****      Copyright (C) Dean Camera, 2014.
   4:/opt/XMClib/XMC_Peripheral_Library_v2.1.16/ThirdPartyLibraries/USBlib/USB/Core/USBTask.c **** 
   5:/opt/XMClib/XMC_Peripheral_Library_v2.1.16/ThirdPartyLibraries/USBlib/USB/Core/USBTask.c ****   dean [at] fourwalledcubicle [dot] com
   6:/opt/XMClib/XMC_Peripheral_Library_v2.1.16/ThirdPartyLibraries/USBlib/USB/Core/USBTask.c ****            www.lufa-lib.org
   7:/opt/XMClib/XMC_Peripheral_Library_v2.1.16/ThirdPartyLibraries/USBlib/USB/Core/USBTask.c **** */
   8:/opt/XMClib/XMC_Peripheral_Library_v2.1.16/ThirdPartyLibraries/USBlib/USB/Core/USBTask.c **** 
   9:/opt/XMClib/XMC_Peripheral_Library_v2.1.16/ThirdPartyLibraries/USBlib/USB/Core/USBTask.c **** /*
  10:/opt/XMClib/XMC_Peripheral_Library_v2.1.16/ThirdPartyLibraries/USBlib/USB/Core/USBTask.c ****   Copyright 2014  Dean Camera (dean [at] fourwalledcubicle [dot] com)
  11:/opt/XMClib/XMC_Peripheral_Library_v2.1.16/ThirdPartyLibraries/USBlib/USB/Core/USBTask.c **** 
  12:/opt/XMClib/XMC_Peripheral_Library_v2.1.16/ThirdPartyLibraries/USBlib/USB/Core/USBTask.c ****   Permission to use, copy, modify, distribute, and sell this
  13:/opt/XMClib/XMC_Peripheral_Library_v2.1.16/ThirdPartyLibraries/USBlib/USB/Core/USBTask.c ****   software and its documentation for any purpose is hereby granted
  14:/opt/XMClib/XMC_Peripheral_Library_v2.1.16/ThirdPartyLibraries/USBlib/USB/Core/USBTask.c ****   without fee, provided that the above copyright notice appear in
  15:/opt/XMClib/XMC_Peripheral_Library_v2.1.16/ThirdPartyLibraries/USBlib/USB/Core/USBTask.c ****   all copies and that both that the copyright notice and this
  16:/opt/XMClib/XMC_Peripheral_Library_v2.1.16/ThirdPartyLibraries/USBlib/USB/Core/USBTask.c ****   permission notice and warranty disclaimer appear in supporting
  17:/opt/XMClib/XMC_Peripheral_Library_v2.1.16/ThirdPartyLibraries/USBlib/USB/Core/USBTask.c ****   documentation, and that the name of the author not be used in
  18:/opt/XMClib/XMC_Peripheral_Library_v2.1.16/ThirdPartyLibraries/USBlib/USB/Core/USBTask.c ****   advertising or publicity pertaining to distribution of the
  19:/opt/XMClib/XMC_Peripheral_Library_v2.1.16/ThirdPartyLibraries/USBlib/USB/Core/USBTask.c ****   software without specific, written prior permission.
  20:/opt/XMClib/XMC_Peripheral_Library_v2.1.16/ThirdPartyLibraries/USBlib/USB/Core/USBTask.c **** 
  21:/opt/XMClib/XMC_Peripheral_Library_v2.1.16/ThirdPartyLibraries/USBlib/USB/Core/USBTask.c ****   The author disclaims all warranties with regard to this
  22:/opt/XMClib/XMC_Peripheral_Library_v2.1.16/ThirdPartyLibraries/USBlib/USB/Core/USBTask.c ****   software, including all implied warranties of merchantability
  23:/opt/XMClib/XMC_Peripheral_Library_v2.1.16/ThirdPartyLibraries/USBlib/USB/Core/USBTask.c ****   and fitness.  In no event shall the author be liable for any
  24:/opt/XMClib/XMC_Peripheral_Library_v2.1.16/ThirdPartyLibraries/USBlib/USB/Core/USBTask.c ****   special, indirect or consequential damages or any damages
  25:/opt/XMClib/XMC_Peripheral_Library_v2.1.16/ThirdPartyLibraries/USBlib/USB/Core/USBTask.c ****   whatsoever resulting from loss of use, data or profits, whether
  26:/opt/XMClib/XMC_Peripheral_Library_v2.1.16/ThirdPartyLibraries/USBlib/USB/Core/USBTask.c ****   in an action of contract, negligence or other tortious action,
  27:/opt/XMClib/XMC_Peripheral_Library_v2.1.16/ThirdPartyLibraries/USBlib/USB/Core/USBTask.c ****   arising out of or in connection with the use or performance of
  28:/opt/XMClib/XMC_Peripheral_Library_v2.1.16/ThirdPartyLibraries/USBlib/USB/Core/USBTask.c ****   this software.
  29:/opt/XMClib/XMC_Peripheral_Library_v2.1.16/ThirdPartyLibraries/USBlib/USB/Core/USBTask.c **** */
  30:/opt/XMClib/XMC_Peripheral_Library_v2.1.16/ThirdPartyLibraries/USBlib/USB/Core/USBTask.c **** 
  31:/opt/XMClib/XMC_Peripheral_Library_v2.1.16/ThirdPartyLibraries/USBlib/USB/Core/USBTask.c **** #define  __INCLUDE_FROM_USBTASK_C
  32:/opt/XMClib/XMC_Peripheral_Library_v2.1.16/ThirdPartyLibraries/USBlib/USB/Core/USBTask.c **** #define  __INCLUDE_FROM_USB_DRIVER
  33:/opt/XMClib/XMC_Peripheral_Library_v2.1.16/ThirdPartyLibraries/USBlib/USB/Core/USBTask.c **** #include "USBTask.h"
  34:/opt/XMClib/XMC_Peripheral_Library_v2.1.16/ThirdPartyLibraries/USBlib/USB/Core/USBTask.c **** 
  35:/opt/XMClib/XMC_Peripheral_Library_v2.1.16/ThirdPartyLibraries/USBlib/USB/Core/USBTask.c **** volatile bool        USB_IsInitialized;
  36:/opt/XMClib/XMC_Peripheral_Library_v2.1.16/ThirdPartyLibraries/USBlib/USB/Core/USBTask.c **** USB_Request_Header_t USB_ControlRequest;
  37:/opt/XMClib/XMC_Peripheral_Library_v2.1.16/ThirdPartyLibraries/USBlib/USB/Core/USBTask.c **** 
  38:/opt/XMClib/XMC_Peripheral_Library_v2.1.16/ThirdPartyLibraries/USBlib/USB/Core/USBTask.c **** #if defined(USB_CAN_BE_HOST) && !defined(HOST_STATE_AS_GPIOR)
  39:/opt/XMClib/XMC_Peripheral_Library_v2.1.16/ThirdPartyLibraries/USBlib/USB/Core/USBTask.c **** volatile uint8_t     USB_HostState;
  40:/opt/XMClib/XMC_Peripheral_Library_v2.1.16/ThirdPartyLibraries/USBlib/USB/Core/USBTask.c **** #endif
  41:/opt/XMClib/XMC_Peripheral_Library_v2.1.16/ThirdPartyLibraries/USBlib/USB/Core/USBTask.c **** 
  42:/opt/XMClib/XMC_Peripheral_Library_v2.1.16/ThirdPartyLibraries/USBlib/USB/Core/USBTask.c **** #if defined(USB_CAN_BE_DEVICE) && !defined(DEVICE_STATE_AS_GPIOR)
  43:/opt/XMClib/XMC_Peripheral_Library_v2.1.16/ThirdPartyLibraries/USBlib/USB/Core/USBTask.c **** volatile uint8_t     USB_DeviceState;
  44:/opt/XMClib/XMC_Peripheral_Library_v2.1.16/ThirdPartyLibraries/USBlib/USB/Core/USBTask.c **** #endif
  45:/opt/XMClib/XMC_Peripheral_Library_v2.1.16/ThirdPartyLibraries/USBlib/USB/Core/USBTask.c **** 
  46:/opt/XMClib/XMC_Peripheral_Library_v2.1.16/ThirdPartyLibraries/USBlib/USB/Core/USBTask.c **** void USB_USBTask(void)
  47:/opt/XMClib/XMC_Peripheral_Library_v2.1.16/ThirdPartyLibraries/USBlib/USB/Core/USBTask.c **** {
  31              		.loc 1 47 1
  32              		.cfi_startproc
  33              		@ args = 0, pretend = 0, frame = 0
  34              		@ frame_needed = 1, uses_anonymous_args = 0
  35 0000 80B5     		push	{r7, lr}
  36              	.LCFI0:
  37              		.cfi_def_cfa_offset 8
  38              		.cfi_offset 7, -8
  39              		.cfi_offset 14, -4
  40 0002 00AF     		add	r7, sp, #0
  41              	.LCFI1:
  42              		.cfi_def_cfa_register 7
  48:/opt/XMClib/XMC_Peripheral_Library_v2.1.16/ThirdPartyLibraries/USBlib/USB/Core/USBTask.c **** 	#if defined(USB_CAN_BE_BOTH)
  49:/opt/XMClib/XMC_Peripheral_Library_v2.1.16/ThirdPartyLibraries/USBlib/USB/Core/USBTask.c **** 		if (USB_CurrentMode == USB_MODE_Device)
  50:/opt/XMClib/XMC_Peripheral_Library_v2.1.16/ThirdPartyLibraries/USBlib/USB/Core/USBTask.c **** 		  USB_DeviceTask();
  51:/opt/XMClib/XMC_Peripheral_Library_v2.1.16/ThirdPartyLibraries/USBlib/USB/Core/USBTask.c **** 		else if (USB_CurrentMode == USB_MODE_Host)
  52:/opt/XMClib/XMC_Peripheral_Library_v2.1.16/ThirdPartyLibraries/USBlib/USB/Core/USBTask.c **** 		  USB_HostTask();
  53:/opt/XMClib/XMC_Peripheral_Library_v2.1.16/ThirdPartyLibraries/USBlib/USB/Core/USBTask.c **** 	#elif defined(USB_CAN_BE_HOST)
  54:/opt/XMClib/XMC_Peripheral_Library_v2.1.16/ThirdPartyLibraries/USBlib/USB/Core/USBTask.c **** 		USB_HostTask();
  55:/opt/XMClib/XMC_Peripheral_Library_v2.1.16/ThirdPartyLibraries/USBlib/USB/Core/USBTask.c **** 	#elif defined(USB_CAN_BE_DEVICE)
  56:/opt/XMClib/XMC_Peripheral_Library_v2.1.16/ThirdPartyLibraries/USBlib/USB/Core/USBTask.c **** 		USB_DeviceTask();
  43              		.loc 1 56 3
  44 0004 FFF7FEFF 		bl	USB_DeviceTask
  57:/opt/XMClib/XMC_Peripheral_Library_v2.1.16/ThirdPartyLibraries/USBlib/USB/Core/USBTask.c **** 	#endif
  58:/opt/XMClib/XMC_Peripheral_Library_v2.1.16/ThirdPartyLibraries/USBlib/USB/Core/USBTask.c **** }
  45              		.loc 1 58 1
  46 0008 00BF     		nop
  47 000a 80BD     		pop	{r7, pc}
  48              		.cfi_endproc
  49              	.LFE188:
  51              		.section	.text.USB_DeviceTask,"ax",%progbits
  52              		.align	1
  53              		.syntax unified
  54              		.thumb
  55              		.thumb_func
  56              		.fpu fpv4-sp-d16
  58              	USB_DeviceTask:
  59              	.LFB189:
  59:/opt/XMClib/XMC_Peripheral_Library_v2.1.16/ThirdPartyLibraries/USBlib/USB/Core/USBTask.c **** 
  60:/opt/XMClib/XMC_Peripheral_Library_v2.1.16/ThirdPartyLibraries/USBlib/USB/Core/USBTask.c **** #if defined(USB_CAN_BE_DEVICE)
  61:/opt/XMClib/XMC_Peripheral_Library_v2.1.16/ThirdPartyLibraries/USBlib/USB/Core/USBTask.c **** static void USB_DeviceTask(void)
  62:/opt/XMClib/XMC_Peripheral_Library_v2.1.16/ThirdPartyLibraries/USBlib/USB/Core/USBTask.c **** {
  60              		.loc 1 62 1
  61              		.cfi_startproc
  62              		@ args = 0, pretend = 0, frame = 8
  63              		@ frame_needed = 1, uses_anonymous_args = 0
  64 0000 80B5     		push	{r7, lr}
  65              	.LCFI2:
  66              		.cfi_def_cfa_offset 8
  67              		.cfi_offset 7, -8
  68              		.cfi_offset 14, -4
  69 0002 82B0     		sub	sp, sp, #8
  70              	.LCFI3:
  71              		.cfi_def_cfa_offset 16
  72 0004 00AF     		add	r7, sp, #0
  73              	.LCFI4:
  74              		.cfi_def_cfa_register 7
  63:/opt/XMClib/XMC_Peripheral_Library_v2.1.16/ThirdPartyLibraries/USBlib/USB/Core/USBTask.c **** 	if (USB_DeviceState == DEVICE_STATE_Unattached)
  75              		.loc 1 63 22
  76 0006 1D4B     		ldr	r3, .L9
  77 0008 1B78     		ldrb	r3, [r3]
  78 000a DBB2     		uxtb	r3, r3
  79              		.loc 1 63 5
  80 000c 002B     		cmp	r3, #0
  81 000e 31D0     		beq	.L8
  82              	.LBB10:
  83              	.LBB11:
  84              		.file 2 "/opt/XMClib/XMC_Peripheral_Library_v2.1.16/ThirdPartyLibraries/USBlib/USB/Core/XMC4000/..
   1:/opt/XMClib/XMC_Peripheral_Library_v2.1.16/ThirdPartyLibraries/USBlib/USB/Core/XMC4000/../XMC4000/Endpoint_XMC4000.h **** /*
   2:/opt/XMClib/XMC_Peripheral_Library_v2.1.16/ThirdPartyLibraries/USBlib/USB/Core/XMC4000/../XMC4000/Endpoint_XMC4000.h ****              LUFA Library
   3:/opt/XMClib/XMC_Peripheral_Library_v2.1.16/ThirdPartyLibraries/USBlib/USB/Core/XMC4000/../XMC4000/Endpoint_XMC4000.h ****      Copyright (C) Dean Camera, 2013.
   4:/opt/XMClib/XMC_Peripheral_Library_v2.1.16/ThirdPartyLibraries/USBlib/USB/Core/XMC4000/../XMC4000/Endpoint_XMC4000.h **** 
   5:/opt/XMClib/XMC_Peripheral_Library_v2.1.16/ThirdPartyLibraries/USBlib/USB/Core/XMC4000/../XMC4000/Endpoint_XMC4000.h ****   dean [at] fourwalledcubicle [dot] com
   6:/opt/XMClib/XMC_Peripheral_Library_v2.1.16/ThirdPartyLibraries/USBlib/USB/Core/XMC4000/../XMC4000/Endpoint_XMC4000.h ****            www.lufa-lib.org
   7:/opt/XMClib/XMC_Peripheral_Library_v2.1.16/ThirdPartyLibraries/USBlib/USB/Core/XMC4000/../XMC4000/Endpoint_XMC4000.h **** */
   8:/opt/XMClib/XMC_Peripheral_Library_v2.1.16/ThirdPartyLibraries/USBlib/USB/Core/XMC4000/../XMC4000/Endpoint_XMC4000.h **** 
   9:/opt/XMClib/XMC_Peripheral_Library_v2.1.16/ThirdPartyLibraries/USBlib/USB/Core/XMC4000/../XMC4000/Endpoint_XMC4000.h **** /*
  10:/opt/XMClib/XMC_Peripheral_Library_v2.1.16/ThirdPartyLibraries/USBlib/USB/Core/XMC4000/../XMC4000/Endpoint_XMC4000.h ****   Copyright 2013  Dean Camera (dean [at] fourwalledcubicle [dot] com)
  11:/opt/XMClib/XMC_Peripheral_Library_v2.1.16/ThirdPartyLibraries/USBlib/USB/Core/XMC4000/../XMC4000/Endpoint_XMC4000.h **** 
  12:/opt/XMClib/XMC_Peripheral_Library_v2.1.16/ThirdPartyLibraries/USBlib/USB/Core/XMC4000/../XMC4000/Endpoint_XMC4000.h ****   Permission to use, copy, modify, distribute, and sell this
  13:/opt/XMClib/XMC_Peripheral_Library_v2.1.16/ThirdPartyLibraries/USBlib/USB/Core/XMC4000/../XMC4000/Endpoint_XMC4000.h ****   software and its documentation for any purpose is hereby granted
  14:/opt/XMClib/XMC_Peripheral_Library_v2.1.16/ThirdPartyLibraries/USBlib/USB/Core/XMC4000/../XMC4000/Endpoint_XMC4000.h ****   without fee, provided that the above copyright notice appear in
  15:/opt/XMClib/XMC_Peripheral_Library_v2.1.16/ThirdPartyLibraries/USBlib/USB/Core/XMC4000/../XMC4000/Endpoint_XMC4000.h ****   all copies and that both that the copyright notice and this
  16:/opt/XMClib/XMC_Peripheral_Library_v2.1.16/ThirdPartyLibraries/USBlib/USB/Core/XMC4000/../XMC4000/Endpoint_XMC4000.h ****   permission notice and warranty disclaimer appear in supporting
  17:/opt/XMClib/XMC_Peripheral_Library_v2.1.16/ThirdPartyLibraries/USBlib/USB/Core/XMC4000/../XMC4000/Endpoint_XMC4000.h ****   documentation, and that the name of the author not be used in
  18:/opt/XMClib/XMC_Peripheral_Library_v2.1.16/ThirdPartyLibraries/USBlib/USB/Core/XMC4000/../XMC4000/Endpoint_XMC4000.h ****   advertising or publicity pertaining to distribution of the
  19:/opt/XMClib/XMC_Peripheral_Library_v2.1.16/ThirdPartyLibraries/USBlib/USB/Core/XMC4000/../XMC4000/Endpoint_XMC4000.h ****   software without specific, written prior permission.
  20:/opt/XMClib/XMC_Peripheral_Library_v2.1.16/ThirdPartyLibraries/USBlib/USB/Core/XMC4000/../XMC4000/Endpoint_XMC4000.h **** 
  21:/opt/XMClib/XMC_Peripheral_Library_v2.1.16/ThirdPartyLibraries/USBlib/USB/Core/XMC4000/../XMC4000/Endpoint_XMC4000.h ****   The author disclaims all warranties with regard to this
  22:/opt/XMClib/XMC_Peripheral_Library_v2.1.16/ThirdPartyLibraries/USBlib/USB/Core/XMC4000/../XMC4000/Endpoint_XMC4000.h ****   software, including all implied warranties of merchantability
  23:/opt/XMClib/XMC_Peripheral_Library_v2.1.16/ThirdPartyLibraries/USBlib/USB/Core/XMC4000/../XMC4000/Endpoint_XMC4000.h ****   and fitness.  In no event shall the author be liable for any
  24:/opt/XMClib/XMC_Peripheral_Library_v2.1.16/ThirdPartyLibraries/USBlib/USB/Core/XMC4000/../XMC4000/Endpoint_XMC4000.h ****   special, indirect or consequential damages or any damages
  25:/opt/XMClib/XMC_Peripheral_Library_v2.1.16/ThirdPartyLibraries/USBlib/USB/Core/XMC4000/../XMC4000/Endpoint_XMC4000.h ****   whatsoever resulting from loss of use, data or profits, whether
  26:/opt/XMClib/XMC_Peripheral_Library_v2.1.16/ThirdPartyLibraries/USBlib/USB/Core/XMC4000/../XMC4000/Endpoint_XMC4000.h ****   in an action of contract, negligence or other tortious action,
  27:/opt/XMClib/XMC_Peripheral_Library_v2.1.16/ThirdPartyLibraries/USBlib/USB/Core/XMC4000/../XMC4000/Endpoint_XMC4000.h ****   arising out of or in connection with the use or performance of
  28:/opt/XMClib/XMC_Peripheral_Library_v2.1.16/ThirdPartyLibraries/USBlib/USB/Core/XMC4000/../XMC4000/Endpoint_XMC4000.h ****   this software.
  29:/opt/XMClib/XMC_Peripheral_Library_v2.1.16/ThirdPartyLibraries/USBlib/USB/Core/XMC4000/../XMC4000/Endpoint_XMC4000.h **** */
  30:/opt/XMClib/XMC_Peripheral_Library_v2.1.16/ThirdPartyLibraries/USBlib/USB/Core/XMC4000/../XMC4000/Endpoint_XMC4000.h **** /*******************************************************************************
  31:/opt/XMClib/XMC_Peripheral_Library_v2.1.16/ThirdPartyLibraries/USBlib/USB/Core/XMC4000/../XMC4000/Endpoint_XMC4000.h ****  *
  32:/opt/XMClib/XMC_Peripheral_Library_v2.1.16/ThirdPartyLibraries/USBlib/USB/Core/XMC4000/../XMC4000/Endpoint_XMC4000.h ****  * Copyright (C) 2013 Infineon Technologies AG. All rights reserved.
  33:/opt/XMClib/XMC_Peripheral_Library_v2.1.16/ThirdPartyLibraries/USBlib/USB/Core/XMC4000/../XMC4000/Endpoint_XMC4000.h ****  *
  34:/opt/XMClib/XMC_Peripheral_Library_v2.1.16/ThirdPartyLibraries/USBlib/USB/Core/XMC4000/../XMC4000/Endpoint_XMC4000.h ****  * Infineon Technologies AG (Infineon) is supplying this software for use with
  35:/opt/XMClib/XMC_Peripheral_Library_v2.1.16/ThirdPartyLibraries/USBlib/USB/Core/XMC4000/../XMC4000/Endpoint_XMC4000.h ****  * Infineon's microcontrollers.
  36:/opt/XMClib/XMC_Peripheral_Library_v2.1.16/ThirdPartyLibraries/USBlib/USB/Core/XMC4000/../XMC4000/Endpoint_XMC4000.h ****  * This file can be freely distributed within development tools that are
  37:/opt/XMClib/XMC_Peripheral_Library_v2.1.16/ThirdPartyLibraries/USBlib/USB/Core/XMC4000/../XMC4000/Endpoint_XMC4000.h ****  * supporting such microcontrollers.
  38:/opt/XMClib/XMC_Peripheral_Library_v2.1.16/ThirdPartyLibraries/USBlib/USB/Core/XMC4000/../XMC4000/Endpoint_XMC4000.h ****  *
  39:/opt/XMClib/XMC_Peripheral_Library_v2.1.16/ThirdPartyLibraries/USBlib/USB/Core/XMC4000/../XMC4000/Endpoint_XMC4000.h ****  * THIS SOFTWARE IS PROVIDED "AS IS".  NO WARRANTIES, WHETHER EXPRESS, IMPLIED
  40:/opt/XMClib/XMC_Peripheral_Library_v2.1.16/ThirdPartyLibraries/USBlib/USB/Core/XMC4000/../XMC4000/Endpoint_XMC4000.h ****  * OR STATUTORY, INCLUDING, BUT NOT LIMITED TO, IMPLIED WARRANTIES OF
  41:/opt/XMClib/XMC_Peripheral_Library_v2.1.16/ThirdPartyLibraries/USBlib/USB/Core/XMC4000/../XMC4000/Endpoint_XMC4000.h ****  * MERCHANTABILITY AND FITNESS FOR A PARTICULAR PURPOSE APPLY TO THIS SOFTWARE.
  42:/opt/XMClib/XMC_Peripheral_Library_v2.1.16/ThirdPartyLibraries/USBlib/USB/Core/XMC4000/../XMC4000/Endpoint_XMC4000.h ****  * INFINEON SHALL NOT, IN ANY CIRCUMSTANCES, BE LIABLE FOR SPECIAL, INCIDENTAL,
  43:/opt/XMClib/XMC_Peripheral_Library_v2.1.16/ThirdPartyLibraries/USBlib/USB/Core/XMC4000/../XMC4000/Endpoint_XMC4000.h ****  * OR CONSEQUENTIAL DAMAGES, FOR ANY REASON WHATSOEVER.
  44:/opt/XMClib/XMC_Peripheral_Library_v2.1.16/ThirdPartyLibraries/USBlib/USB/Core/XMC4000/../XMC4000/Endpoint_XMC4000.h ****  *
  45:/opt/XMClib/XMC_Peripheral_Library_v2.1.16/ThirdPartyLibraries/USBlib/USB/Core/XMC4000/../XMC4000/Endpoint_XMC4000.h ****  */
  46:/opt/XMClib/XMC_Peripheral_Library_v2.1.16/ThirdPartyLibraries/USBlib/USB/Core/XMC4000/../XMC4000/Endpoint_XMC4000.h **** 
  47:/opt/XMClib/XMC_Peripheral_Library_v2.1.16/ThirdPartyLibraries/USBlib/USB/Core/XMC4000/../XMC4000/Endpoint_XMC4000.h **** /** \file
  48:/opt/XMClib/XMC_Peripheral_Library_v2.1.16/ThirdPartyLibraries/USBlib/USB/Core/XMC4000/../XMC4000/Endpoint_XMC4000.h ****  *
  49:/opt/XMClib/XMC_Peripheral_Library_v2.1.16/ThirdPartyLibraries/USBlib/USB/Core/XMC4000/../XMC4000/Endpoint_XMC4000.h ****  *  Functions, macros, variables, enums and types related to data reading and writing of primitive 
  50:/opt/XMClib/XMC_Peripheral_Library_v2.1.16/ThirdPartyLibraries/USBlib/USB/Core/XMC4000/../XMC4000/Endpoint_XMC4000.h ****  *  from and to endpoints.
  51:/opt/XMClib/XMC_Peripheral_Library_v2.1.16/ThirdPartyLibraries/USBlib/USB/Core/XMC4000/../XMC4000/Endpoint_XMC4000.h ****  */
  52:/opt/XMClib/XMC_Peripheral_Library_v2.1.16/ThirdPartyLibraries/USBlib/USB/Core/XMC4000/../XMC4000/Endpoint_XMC4000.h **** 
  53:/opt/XMClib/XMC_Peripheral_Library_v2.1.16/ThirdPartyLibraries/USBlib/USB/Core/XMC4000/../XMC4000/Endpoint_XMC4000.h **** /** \ingroup Group_EndpointPacketManagement
  54:/opt/XMClib/XMC_Peripheral_Library_v2.1.16/ThirdPartyLibraries/USBlib/USB/Core/XMC4000/../XMC4000/Endpoint_XMC4000.h ****  *
  55:/opt/XMClib/XMC_Peripheral_Library_v2.1.16/ThirdPartyLibraries/USBlib/USB/Core/XMC4000/../XMC4000/Endpoint_XMC4000.h ****  *  Functions, macros, variables, enums and types related to packet management of endpoints.
  56:/opt/XMClib/XMC_Peripheral_Library_v2.1.16/ThirdPartyLibraries/USBlib/USB/Core/XMC4000/../XMC4000/Endpoint_XMC4000.h ****  */
  57:/opt/XMClib/XMC_Peripheral_Library_v2.1.16/ThirdPartyLibraries/USBlib/USB/Core/XMC4000/../XMC4000/Endpoint_XMC4000.h **** 
  58:/opt/XMClib/XMC_Peripheral_Library_v2.1.16/ThirdPartyLibraries/USBlib/USB/Core/XMC4000/../XMC4000/Endpoint_XMC4000.h **** /** \ingroup Group_EndpointManagement
  59:/opt/XMClib/XMC_Peripheral_Library_v2.1.16/ThirdPartyLibraries/USBlib/USB/Core/XMC4000/../XMC4000/Endpoint_XMC4000.h ****  *  Functions, macros and enums related to endpoint management when in USB Device mode. This
  60:/opt/XMClib/XMC_Peripheral_Library_v2.1.16/ThirdPartyLibraries/USBlib/USB/Core/XMC4000/../XMC4000/Endpoint_XMC4000.h ****  *  module contains the endpoint management macros, as well as endpoint interrupt and data
  61:/opt/XMClib/XMC_Peripheral_Library_v2.1.16/ThirdPartyLibraries/USBlib/USB/Core/XMC4000/../XMC4000/Endpoint_XMC4000.h ****  *  send/receive functions for various data types.
  62:/opt/XMClib/XMC_Peripheral_Library_v2.1.16/ThirdPartyLibraries/USBlib/USB/Core/XMC4000/../XMC4000/Endpoint_XMC4000.h ****  *
  63:/opt/XMClib/XMC_Peripheral_Library_v2.1.16/ThirdPartyLibraries/USBlib/USB/Core/XMC4000/../XMC4000/Endpoint_XMC4000.h ****  *  @{
  64:/opt/XMClib/XMC_Peripheral_Library_v2.1.16/ThirdPartyLibraries/USBlib/USB/Core/XMC4000/../XMC4000/Endpoint_XMC4000.h ****  */
  65:/opt/XMClib/XMC_Peripheral_Library_v2.1.16/ThirdPartyLibraries/USBlib/USB/Core/XMC4000/../XMC4000/Endpoint_XMC4000.h **** 
  66:/opt/XMClib/XMC_Peripheral_Library_v2.1.16/ThirdPartyLibraries/USBlib/USB/Core/XMC4000/../XMC4000/Endpoint_XMC4000.h **** #ifndef ENDPOINT_XMC4000_H_
  67:/opt/XMClib/XMC_Peripheral_Library_v2.1.16/ThirdPartyLibraries/USBlib/USB/Core/XMC4000/../XMC4000/Endpoint_XMC4000.h **** #define ENDPOINT_XMC4000_H_
  68:/opt/XMClib/XMC_Peripheral_Library_v2.1.16/ThirdPartyLibraries/USBlib/USB/Core/XMC4000/../XMC4000/Endpoint_XMC4000.h **** 
  69:/opt/XMClib/XMC_Peripheral_Library_v2.1.16/ThirdPartyLibraries/USBlib/USB/Core/XMC4000/../XMC4000/Endpoint_XMC4000.h **** 		#include "../../Common/Common.h"
  70:/opt/XMClib/XMC_Peripheral_Library_v2.1.16/ThirdPartyLibraries/USBlib/USB/Core/XMC4000/../XMC4000/Endpoint_XMC4000.h **** 		#include "../USBTask.h"
  71:/opt/XMClib/XMC_Peripheral_Library_v2.1.16/ThirdPartyLibraries/USBlib/USB/Core/XMC4000/../XMC4000/Endpoint_XMC4000.h **** 		#include "../USBInterrupt.h"
  72:/opt/XMClib/XMC_Peripheral_Library_v2.1.16/ThirdPartyLibraries/USBlib/USB/Core/XMC4000/../XMC4000/Endpoint_XMC4000.h **** 		#include "../USBController.h"
  73:/opt/XMClib/XMC_Peripheral_Library_v2.1.16/ThirdPartyLibraries/USBlib/USB/Core/XMC4000/../XMC4000/Endpoint_XMC4000.h **** 
  74:/opt/XMClib/XMC_Peripheral_Library_v2.1.16/ThirdPartyLibraries/USBlib/USB/Core/XMC4000/../XMC4000/Endpoint_XMC4000.h **** /* Enable C linkage for C++ Compilers: */
  75:/opt/XMClib/XMC_Peripheral_Library_v2.1.16/ThirdPartyLibraries/USBlib/USB/Core/XMC4000/../XMC4000/Endpoint_XMC4000.h **** #if defined(__cplusplus)
  76:/opt/XMClib/XMC_Peripheral_Library_v2.1.16/ThirdPartyLibraries/USBlib/USB/Core/XMC4000/../XMC4000/Endpoint_XMC4000.h **** 	extern "C" {
  77:/opt/XMClib/XMC_Peripheral_Library_v2.1.16/ThirdPartyLibraries/USBlib/USB/Core/XMC4000/../XMC4000/Endpoint_XMC4000.h **** #endif
  78:/opt/XMClib/XMC_Peripheral_Library_v2.1.16/ThirdPartyLibraries/USBlib/USB/Core/XMC4000/../XMC4000/Endpoint_XMC4000.h **** 
  79:/opt/XMClib/XMC_Peripheral_Library_v2.1.16/ThirdPartyLibraries/USBlib/USB/Core/XMC4000/../XMC4000/Endpoint_XMC4000.h **** 	/* Preprocessor Checks: */
  80:/opt/XMClib/XMC_Peripheral_Library_v2.1.16/ThirdPartyLibraries/USBlib/USB/Core/XMC4000/../XMC4000/Endpoint_XMC4000.h **** 		#if !defined(__INCLUDE_FROM_USB_DRIVER)
  81:/opt/XMClib/XMC_Peripheral_Library_v2.1.16/ThirdPartyLibraries/USBlib/USB/Core/XMC4000/../XMC4000/Endpoint_XMC4000.h **** 			#error Do not include this file directly. Include LUFA/Drivers/USB/USB.h instead.
  82:/opt/XMClib/XMC_Peripheral_Library_v2.1.16/ThirdPartyLibraries/USBlib/USB/Core/XMC4000/../XMC4000/Endpoint_XMC4000.h **** 		#endif
  83:/opt/XMClib/XMC_Peripheral_Library_v2.1.16/ThirdPartyLibraries/USBlib/USB/Core/XMC4000/../XMC4000/Endpoint_XMC4000.h **** 
  84:/opt/XMClib/XMC_Peripheral_Library_v2.1.16/ThirdPartyLibraries/USBlib/USB/Core/XMC4000/../XMC4000/Endpoint_XMC4000.h **** 	/* Public Interface - May be used in end-application: */
  85:/opt/XMClib/XMC_Peripheral_Library_v2.1.16/ThirdPartyLibraries/USBlib/USB/Core/XMC4000/../XMC4000/Endpoint_XMC4000.h ****             
  86:/opt/XMClib/XMC_Peripheral_Library_v2.1.16/ThirdPartyLibraries/USBlib/USB/Core/XMC4000/../XMC4000/Endpoint_XMC4000.h **** 	/** Enum for the possible error return codes of the \ref Endpoint_WaitUntilReady() function.
  87:/opt/XMClib/XMC_Peripheral_Library_v2.1.16/ThirdPartyLibraries/USBlib/USB/Core/XMC4000/../XMC4000/Endpoint_XMC4000.h **** 	 *
  88:/opt/XMClib/XMC_Peripheral_Library_v2.1.16/ThirdPartyLibraries/USBlib/USB/Core/XMC4000/../XMC4000/Endpoint_XMC4000.h **** 	 *  \ingroup Group_EndpointRW
  89:/opt/XMClib/XMC_Peripheral_Library_v2.1.16/ThirdPartyLibraries/USBlib/USB/Core/XMC4000/../XMC4000/Endpoint_XMC4000.h **** 	 */
  90:/opt/XMClib/XMC_Peripheral_Library_v2.1.16/ThirdPartyLibraries/USBlib/USB/Core/XMC4000/../XMC4000/Endpoint_XMC4000.h **** 	enum Endpoint_WaitUntilReady_ErrorCodes_t
  91:/opt/XMClib/XMC_Peripheral_Library_v2.1.16/ThirdPartyLibraries/USBlib/USB/Core/XMC4000/../XMC4000/Endpoint_XMC4000.h **** 	{
  92:/opt/XMClib/XMC_Peripheral_Library_v2.1.16/ThirdPartyLibraries/USBlib/USB/Core/XMC4000/../XMC4000/Endpoint_XMC4000.h **** 		ENDPOINT_READYWAIT_NoError                 = 0, /**< Endpoint is ready for next packet, no error.
  93:/opt/XMClib/XMC_Peripheral_Library_v2.1.16/ThirdPartyLibraries/USBlib/USB/Core/XMC4000/../XMC4000/Endpoint_XMC4000.h **** 		ENDPOINT_READYWAIT_EndpointStalled         = 1, /**< The endpoint was stalled during the stream
  94:/opt/XMClib/XMC_Peripheral_Library_v2.1.16/ThirdPartyLibraries/USBlib/USB/Core/XMC4000/../XMC4000/Endpoint_XMC4000.h **** 														 *   transfer by the host or device.
  95:/opt/XMClib/XMC_Peripheral_Library_v2.1.16/ThirdPartyLibraries/USBlib/USB/Core/XMC4000/../XMC4000/Endpoint_XMC4000.h **** 														 */
  96:/opt/XMClib/XMC_Peripheral_Library_v2.1.16/ThirdPartyLibraries/USBlib/USB/Core/XMC4000/../XMC4000/Endpoint_XMC4000.h **** 		ENDPOINT_READYWAIT_DeviceDisconnected      = 2,	/**< Device was disconnected from the host while
  97:/opt/XMClib/XMC_Peripheral_Library_v2.1.16/ThirdPartyLibraries/USBlib/USB/Core/XMC4000/../XMC4000/Endpoint_XMC4000.h **** 														 *   waiting for the endpoint to become ready.
  98:/opt/XMClib/XMC_Peripheral_Library_v2.1.16/ThirdPartyLibraries/USBlib/USB/Core/XMC4000/../XMC4000/Endpoint_XMC4000.h **** 														 */
  99:/opt/XMClib/XMC_Peripheral_Library_v2.1.16/ThirdPartyLibraries/USBlib/USB/Core/XMC4000/../XMC4000/Endpoint_XMC4000.h **** 		ENDPOINT_READYWAIT_BusSuspended            = 3, /**< The USB bus has been suspended by the host a
 100:/opt/XMClib/XMC_Peripheral_Library_v2.1.16/ThirdPartyLibraries/USBlib/USB/Core/XMC4000/../XMC4000/Endpoint_XMC4000.h **** 														 *   no USB endpoint traffic can occur until the bus
 101:/opt/XMClib/XMC_Peripheral_Library_v2.1.16/ThirdPartyLibraries/USBlib/USB/Core/XMC4000/../XMC4000/Endpoint_XMC4000.h **** 														 *   has resumed.
 102:/opt/XMClib/XMC_Peripheral_Library_v2.1.16/ThirdPartyLibraries/USBlib/USB/Core/XMC4000/../XMC4000/Endpoint_XMC4000.h **** 														 */
 103:/opt/XMClib/XMC_Peripheral_Library_v2.1.16/ThirdPartyLibraries/USBlib/USB/Core/XMC4000/../XMC4000/Endpoint_XMC4000.h **** 		ENDPOINT_READYWAIT_Timeout                 = 4, /**< The host failed to accept or send the next p
 104:/opt/XMClib/XMC_Peripheral_Library_v2.1.16/ThirdPartyLibraries/USBlib/USB/Core/XMC4000/../XMC4000/Endpoint_XMC4000.h **** 														 *   within the software timeout period set by the
 105:/opt/XMClib/XMC_Peripheral_Library_v2.1.16/ThirdPartyLibraries/USBlib/USB/Core/XMC4000/../XMC4000/Endpoint_XMC4000.h **** 														 *   \ref USB_STREAM_TIMEOUT_MS macro.
 106:/opt/XMClib/XMC_Peripheral_Library_v2.1.16/ThirdPartyLibraries/USBlib/USB/Core/XMC4000/../XMC4000/Endpoint_XMC4000.h **** 														 */
 107:/opt/XMClib/XMC_Peripheral_Library_v2.1.16/ThirdPartyLibraries/USBlib/USB/Core/XMC4000/../XMC4000/Endpoint_XMC4000.h **** 	};
 108:/opt/XMClib/XMC_Peripheral_Library_v2.1.16/ThirdPartyLibraries/USBlib/USB/Core/XMC4000/../XMC4000/Endpoint_XMC4000.h **** 
 109:/opt/XMClib/XMC_Peripheral_Library_v2.1.16/ThirdPartyLibraries/USBlib/USB/Core/XMC4000/../XMC4000/Endpoint_XMC4000.h **** 	/** Get the endpoint address of the currently selected endpoint. This is typically used to save
 110:/opt/XMClib/XMC_Peripheral_Library_v2.1.16/ThirdPartyLibraries/USBlib/USB/Core/XMC4000/../XMC4000/Endpoint_XMC4000.h **** 	 *  the currently selected endpoint so that it can be restored after another endpoint has been
 111:/opt/XMClib/XMC_Peripheral_Library_v2.1.16/ThirdPartyLibraries/USBlib/USB/Core/XMC4000/../XMC4000/Endpoint_XMC4000.h **** 	 *  manipulated.
 112:/opt/XMClib/XMC_Peripheral_Library_v2.1.16/ThirdPartyLibraries/USBlib/USB/Core/XMC4000/../XMC4000/Endpoint_XMC4000.h **** 	 *
 113:/opt/XMClib/XMC_Peripheral_Library_v2.1.16/ThirdPartyLibraries/USBlib/USB/Core/XMC4000/../XMC4000/Endpoint_XMC4000.h **** 	 *  \return Index of the currently selected endpoint.
 114:/opt/XMClib/XMC_Peripheral_Library_v2.1.16/ThirdPartyLibraries/USBlib/USB/Core/XMC4000/../XMC4000/Endpoint_XMC4000.h **** 	 */
 115:/opt/XMClib/XMC_Peripheral_Library_v2.1.16/ThirdPartyLibraries/USBlib/USB/Core/XMC4000/../XMC4000/Endpoint_XMC4000.h **** 	static inline uint8_t Endpoint_GetCurrentEndpoint(void) ATTR_WARN_UNUSED_RESULT ATTR_ALWAYS_INLINE
 116:/opt/XMClib/XMC_Peripheral_Library_v2.1.16/ThirdPartyLibraries/USBlib/USB/Core/XMC4000/../XMC4000/Endpoint_XMC4000.h **** 	static inline uint8_t Endpoint_GetCurrentEndpoint(void)
 117:/opt/XMClib/XMC_Peripheral_Library_v2.1.16/ThirdPartyLibraries/USBlib/USB/Core/XMC4000/../XMC4000/Endpoint_XMC4000.h **** 	{
 118:/opt/XMClib/XMC_Peripheral_Library_v2.1.16/ThirdPartyLibraries/USBlib/USB/Core/XMC4000/../XMC4000/Endpoint_XMC4000.h **** 		return device.CurrentDirection | device.CurrentEndpoint;
  85              		.loc 2 118 16
  86 0010 1B4B     		ldr	r3, .L9+4
  87 0012 93F83D21 		ldrb	r2, [r3, #317]	@ zero_extendqisi2
  88              		.loc 2 118 42
  89 0016 1A4B     		ldr	r3, .L9+4
  90 0018 93F83C31 		ldrb	r3, [r3, #316]	@ zero_extendqisi2
  91              		.loc 2 118 34
  92 001c 1343     		orrs	r3, r3, r2
  93 001e DBB2     		uxtb	r3, r3
  94              	.LBE11:
  95              	.LBE10:
  64:/opt/XMClib/XMC_Peripheral_Library_v2.1.16/ThirdPartyLibraries/USBlib/USB/Core/USBTask.c **** 	  return;
  65:/opt/XMClib/XMC_Peripheral_Library_v2.1.16/ThirdPartyLibraries/USBlib/USB/Core/USBTask.c **** 
  66:/opt/XMClib/XMC_Peripheral_Library_v2.1.16/ThirdPartyLibraries/USBlib/USB/Core/USBTask.c **** 	uint8_t PrevEndpoint = Endpoint_GetCurrentEndpoint();
  96              		.loc 1 66 25
  97 0020 FB71     		strb	r3, [r7, #7]
  98              	.LBB12:
  99              	.LBB13:
 119:/opt/XMClib/XMC_Peripheral_Library_v2.1.16/ThirdPartyLibraries/USBlib/USB/Core/XMC4000/../XMC4000/Endpoint_XMC4000.h **** 	}
 120:/opt/XMClib/XMC_Peripheral_Library_v2.1.16/ThirdPartyLibraries/USBlib/USB/Core/XMC4000/../XMC4000/Endpoint_XMC4000.h **** 
 121:/opt/XMClib/XMC_Peripheral_Library_v2.1.16/ThirdPartyLibraries/USBlib/USB/Core/XMC4000/../XMC4000/Endpoint_XMC4000.h **** 	/** Selects the given endpoint address.
 122:/opt/XMClib/XMC_Peripheral_Library_v2.1.16/ThirdPartyLibraries/USBlib/USB/Core/XMC4000/../XMC4000/Endpoint_XMC4000.h **** 	 *
 123:/opt/XMClib/XMC_Peripheral_Library_v2.1.16/ThirdPartyLibraries/USBlib/USB/Core/XMC4000/../XMC4000/Endpoint_XMC4000.h **** 	 *  Any endpoint operations which do not require the endpoint address to be indicated will operate
 124:/opt/XMClib/XMC_Peripheral_Library_v2.1.16/ThirdPartyLibraries/USBlib/USB/Core/XMC4000/../XMC4000/Endpoint_XMC4000.h **** 	 *  the currently selected endpoint.
 125:/opt/XMClib/XMC_Peripheral_Library_v2.1.16/ThirdPartyLibraries/USBlib/USB/Core/XMC4000/../XMC4000/Endpoint_XMC4000.h **** 	 *
 126:/opt/XMClib/XMC_Peripheral_Library_v2.1.16/ThirdPartyLibraries/USBlib/USB/Core/XMC4000/../XMC4000/Endpoint_XMC4000.h **** 	 *  \param[in] Address Endpoint address to select.
 127:/opt/XMClib/XMC_Peripheral_Library_v2.1.16/ThirdPartyLibraries/USBlib/USB/Core/XMC4000/../XMC4000/Endpoint_XMC4000.h **** 	 */
 128:/opt/XMClib/XMC_Peripheral_Library_v2.1.16/ThirdPartyLibraries/USBlib/USB/Core/XMC4000/../XMC4000/Endpoint_XMC4000.h **** 	static inline void Endpoint_SelectEndpoint(const uint8_t Address) ATTR_ALWAYS_INLINE;
 129:/opt/XMClib/XMC_Peripheral_Library_v2.1.16/ThirdPartyLibraries/USBlib/USB/Core/XMC4000/../XMC4000/Endpoint_XMC4000.h **** 	static inline void Endpoint_SelectEndpoint(const uint8_t Address)
 130:/opt/XMClib/XMC_Peripheral_Library_v2.1.16/ThirdPartyLibraries/USBlib/USB/Core/XMC4000/../XMC4000/Endpoint_XMC4000.h **** 	{
 131:/opt/XMClib/XMC_Peripheral_Library_v2.1.16/ThirdPartyLibraries/USBlib/USB/Core/XMC4000/../XMC4000/Endpoint_XMC4000.h **** 		device.CurrentEndpoint = Address & ENDPOINT_EPNUM_MASK;
 100              		.loc 2 131 36
 101 0022 0022     		movs	r2, #0
 102              		.loc 2 131 26
 103 0024 164B     		ldr	r3, .L9+4
 104 0026 83F83C21 		strb	r2, [r3, #316]
 132:/opt/XMClib/XMC_Peripheral_Library_v2.1.16/ThirdPartyLibraries/USBlib/USB/Core/XMC4000/../XMC4000/Endpoint_XMC4000.h **** 		device.CurrentDirection = (Address & ENDPOINT_DIR_MASK);
 105              		.loc 2 132 38
 106 002a 0022     		movs	r2, #0
 107              		.loc 2 132 27
 108 002c 144B     		ldr	r3, .L9+4
 109 002e 83F83D21 		strb	r2, [r3, #317]
 133:/opt/XMClib/XMC_Peripheral_Library_v2.1.16/ThirdPartyLibraries/USBlib/USB/Core/XMC4000/../XMC4000/Endpoint_XMC4000.h **** 	}
 110              		.loc 2 133 2
 111 0032 00BF     		nop
 112              	.LBE13:
 113              	.LBE12:
 114              	.LBB14:
 115              	.LBB15:
 134:/opt/XMClib/XMC_Peripheral_Library_v2.1.16/ThirdPartyLibraries/USBlib/USB/Core/XMC4000/../XMC4000/Endpoint_XMC4000.h **** 
 135:/opt/XMClib/XMC_Peripheral_Library_v2.1.16/ThirdPartyLibraries/USBlib/USB/Core/XMC4000/../XMC4000/Endpoint_XMC4000.h **** 	/** Determines if the current CONTROL type endpoint has received a SETUP packet.
 136:/opt/XMClib/XMC_Peripheral_Library_v2.1.16/ThirdPartyLibraries/USBlib/USB/Core/XMC4000/../XMC4000/Endpoint_XMC4000.h **** 	 *
 137:/opt/XMClib/XMC_Peripheral_Library_v2.1.16/ThirdPartyLibraries/USBlib/USB/Core/XMC4000/../XMC4000/Endpoint_XMC4000.h **** 	 *  \ingroup Group_EndpointPacketManagement
 138:/opt/XMClib/XMC_Peripheral_Library_v2.1.16/ThirdPartyLibraries/USBlib/USB/Core/XMC4000/../XMC4000/Endpoint_XMC4000.h **** 	 *
 139:/opt/XMClib/XMC_Peripheral_Library_v2.1.16/ThirdPartyLibraries/USBlib/USB/Core/XMC4000/../XMC4000/Endpoint_XMC4000.h **** 	 *  \return Boolean \c true if the selected endpoint has received a SETUP packet, \c false otherwi
 140:/opt/XMClib/XMC_Peripheral_Library_v2.1.16/ThirdPartyLibraries/USBlib/USB/Core/XMC4000/../XMC4000/Endpoint_XMC4000.h **** 	 */
 141:/opt/XMClib/XMC_Peripheral_Library_v2.1.16/ThirdPartyLibraries/USBlib/USB/Core/XMC4000/../XMC4000/Endpoint_XMC4000.h **** 	static inline bool Endpoint_IsSETUPReceived(void) ATTR_WARN_UNUSED_RESULT ATTR_ALWAYS_INLINE;
 142:/opt/XMClib/XMC_Peripheral_Library_v2.1.16/ThirdPartyLibraries/USBlib/USB/Core/XMC4000/../XMC4000/Endpoint_XMC4000.h **** 	static inline bool Endpoint_IsSETUPReceived(void)
 143:/opt/XMClib/XMC_Peripheral_Library_v2.1.16/ThirdPartyLibraries/USBlib/USB/Core/XMC4000/../XMC4000/Endpoint_XMC4000.h **** 	{
 144:/opt/XMClib/XMC_Peripheral_Library_v2.1.16/ThirdPartyLibraries/USBlib/USB/Core/XMC4000/../XMC4000/Endpoint_XMC4000.h **** 		return device.IsSetupRecieved;
 116              		.loc 2 144 16
 117 0034 124B     		ldr	r3, .L9+4
 118 0036 93F83E31 		ldrb	r3, [r3, #318]
 119 003a C3F34003 		ubfx	r3, r3, #1, #1
 120 003e DBB2     		uxtb	r3, r3
 121 0040 002B     		cmp	r3, #0
 122 0042 14BF     		ite	ne
 123 0044 0123     		movne	r3, #1
 124 0046 0023     		moveq	r3, #0
 125 0048 DBB2     		uxtb	r3, r3
 126              	.LBE15:
 127              	.LBE14:
  67:/opt/XMClib/XMC_Peripheral_Library_v2.1.16/ThirdPartyLibraries/USBlib/USB/Core/USBTask.c **** 
  68:/opt/XMClib/XMC_Peripheral_Library_v2.1.16/ThirdPartyLibraries/USBlib/USB/Core/USBTask.c **** 	Endpoint_SelectEndpoint(ENDPOINT_CONTROLEP);
  69:/opt/XMClib/XMC_Peripheral_Library_v2.1.16/ThirdPartyLibraries/USBlib/USB/Core/USBTask.c **** 
  70:/opt/XMClib/XMC_Peripheral_Library_v2.1.16/ThirdPartyLibraries/USBlib/USB/Core/USBTask.c **** 	if (Endpoint_IsSETUPReceived())
 128              		.loc 1 70 5
 129 004a 002B     		cmp	r3, #0
 130 004c 01D0     		beq	.L7
  71:/opt/XMClib/XMC_Peripheral_Library_v2.1.16/ThirdPartyLibraries/USBlib/USB/Core/USBTask.c **** 	  USB_Device_ProcessControlRequest();
 131              		.loc 1 71 4
 132 004e FFF7FEFF 		bl	USB_Device_ProcessControlRequest
 133              	.L7:
 134 0052 FB79     		ldrb	r3, [r7, #7]
 135 0054 BB71     		strb	r3, [r7, #6]
 136              	.LBB16:
 137              	.LBB17:
 131:/opt/XMClib/XMC_Peripheral_Library_v2.1.16/ThirdPartyLibraries/USBlib/USB/Core/XMC4000/../XMC4000/Endpoint_XMC4000.h **** 		device.CurrentDirection = (Address & ENDPOINT_DIR_MASK);
 138              		.loc 2 131 36
 139 0056 BB79     		ldrb	r3, [r7, #6]
 140 0058 03F00F03 		and	r3, r3, #15
 141 005c DAB2     		uxtb	r2, r3
 131:/opt/XMClib/XMC_Peripheral_Library_v2.1.16/ThirdPartyLibraries/USBlib/USB/Core/XMC4000/../XMC4000/Endpoint_XMC4000.h **** 		device.CurrentDirection = (Address & ENDPOINT_DIR_MASK);
 142              		.loc 2 131 26
 143 005e 084B     		ldr	r3, .L9+4
 144 0060 83F83C21 		strb	r2, [r3, #316]
 132:/opt/XMClib/XMC_Peripheral_Library_v2.1.16/ThirdPartyLibraries/USBlib/USB/Core/XMC4000/../XMC4000/Endpoint_XMC4000.h **** 	}
 145              		.loc 2 132 38
 146 0064 BB79     		ldrb	r3, [r7, #6]
 147 0066 23F07F03 		bic	r3, r3, #127
 148 006a DAB2     		uxtb	r2, r3
 132:/opt/XMClib/XMC_Peripheral_Library_v2.1.16/ThirdPartyLibraries/USBlib/USB/Core/XMC4000/../XMC4000/Endpoint_XMC4000.h **** 	}
 149              		.loc 2 132 27
 150 006c 044B     		ldr	r3, .L9+4
 151 006e 83F83D21 		strb	r2, [r3, #317]
 133:/opt/XMClib/XMC_Peripheral_Library_v2.1.16/ThirdPartyLibraries/USBlib/USB/Core/XMC4000/../XMC4000/Endpoint_XMC4000.h **** 
 152              		.loc 2 133 2
 153 0072 00E0     		b	.L2
 154              	.L8:
 155              	.LBE17:
 156              	.LBE16:
  64:/opt/XMClib/XMC_Peripheral_Library_v2.1.16/ThirdPartyLibraries/USBlib/USB/Core/USBTask.c **** 
 157              		.loc 1 64 4
 158 0074 00BF     		nop
 159              	.L2:
  72:/opt/XMClib/XMC_Peripheral_Library_v2.1.16/ThirdPartyLibraries/USBlib/USB/Core/USBTask.c **** 
  73:/opt/XMClib/XMC_Peripheral_Library_v2.1.16/ThirdPartyLibraries/USBlib/USB/Core/USBTask.c **** 	Endpoint_SelectEndpoint(PrevEndpoint);
  74:/opt/XMClib/XMC_Peripheral_Library_v2.1.16/ThirdPartyLibraries/USBlib/USB/Core/USBTask.c **** }
 160              		.loc 1 74 1
 161 0076 0837     		adds	r7, r7, #8
 162              	.LCFI5:
 163              		.cfi_def_cfa_offset 8
 164 0078 BD46     		mov	sp, r7
 165              	.LCFI6:
 166              		.cfi_def_cfa_register 13
 167              		@ sp needed
 168 007a 80BD     		pop	{r7, pc}
 169              	.L10:
 170              		.align	2
 171              	.L9:
 172 007c 00000000 		.word	USB_DeviceState
 173 0080 00000000 		.word	device
 174              		.cfi_endproc
 175              	.LFE189:
 177              		.text
 178              	.Letext0:
 179              		.file 3 "/usr/lib/gcc/arm-none-eabi/9.2.1/include/stdint.h"
 180              		.file 4 "/usr/lib/gcc/arm-none-eabi/9.2.1/include/stddef.h"
 181              		.file 5 "/usr/include/newlib/sys/_types.h"
 182              		.file 6 "/usr/include/newlib/sys/reent.h"
 183              		.file 7 "/usr/include/newlib/sys/lock.h"
 184              		.file 8 "/opt/XMClib/XMC_Peripheral_Library_v2.1.16/CMSIS/Include/core_cm4.h"
 185              		.file 9 "/opt/XMClib/XMC_Peripheral_Library_v2.1.16/CMSIS/Infineon/XMC4500_series/Include/system_X
 186              		.file 10 "/opt/XMClib/XMC_Peripheral_Library_v2.1.16/CMSIS/Infineon/XMC4500_series/Include/XMC4500
 187              		.file 11 "/usr/include/newlib/stdlib.h"
 188              		.file 12 "/opt/XMClib/XMC_Peripheral_Library_v2.1.16/XMCLib/inc/xmc_usbd_regs.h"
 189              		.file 13 "/opt/XMClib/XMC_Peripheral_Library_v2.1.16/XMCLib/inc/xmc_usbd.h"
 190              		.file 14 "/opt/XMClib/XMC_Peripheral_Library_v2.1.16/ThirdPartyLibraries/USBlib/USB/Core/XMC4000/U
 191              		.file 15 "/opt/XMClib/XMC_Peripheral_Library_v2.1.16/ThirdPartyLibraries/USBlib/USB/Core/XMC4000/.
 192              		.file 16 "/opt/XMClib/XMC_Peripheral_Library_v2.1.16/ThirdPartyLibraries/USBlib/USB/Core/XMC4000/.
 193              		.file 17 "/opt/XMClib/XMC_Peripheral_Library_v2.1.16/ThirdPartyLibraries/USBlib/USB/Core/XMC4000/.
 194              		.file 18 "/opt/XMClib/XMC_Peripheral_Library_v2.1.16/ThirdPartyLibraries/USBlib/USB/Core/USBTask.h
DEFINED SYMBOLS
                            *ABS*:0000000000000000 USBTask.c
                            *COM*:0000000000000001 USB_IsInitialized
                            *COM*:0000000000000008 USB_ControlRequest
                            *COM*:0000000000000001 USB_DeviceState
     /tmp/ccd5EaU2.s:20     .text.USB_USBTask:0000000000000000 $t
     /tmp/ccd5EaU2.s:28     .text.USB_USBTask:0000000000000000 USB_USBTask
     /tmp/ccd5EaU2.s:58     .text.USB_DeviceTask:0000000000000000 USB_DeviceTask
     /tmp/ccd5EaU2.s:52     .text.USB_DeviceTask:0000000000000000 $t
     /tmp/ccd5EaU2.s:172    .text.USB_DeviceTask:000000000000007c $d
                           .group:0000000000000000 wm4.0.1ef749480d5223b912d851bdb3b2139f
                           .group:0000000000000000 wm4.Common.h.60.c2f00e237f5994003db83c2422602b22
                           .group:0000000000000000 wm4.stdint.h.29.6d480f4ba0f60596e88234283d42444f
                           .group:0000000000000000 wm4.stdbool.h.29.07dce69c3b78884144b7f7bd19483461
                           .group:0000000000000000 wm4._newlib_version.h.4.1ef4e12f167f8b69d7c30054be56050d
                           .group:0000000000000000 wm4.newlib.h.21.1ae2897bc09bbe4bc80ffb801fb02432
                           .group:0000000000000000 wm4.ieeefp.h.77.f33a4dce62116f6f5175ff8bae57a54c
                           .group:0000000000000000 wm4.features.h.22.026edb2397769f4ae13f35900dbdb560
                           .group:0000000000000000 wm4.config.h.224.c701144a7b0518c6ee9b9b5465b79f81
                           .group:0000000000000000 wm4._ansi.h.31.de524f58584151836e90d8620a16f8e8
                           .group:0000000000000000 wm4.stddef.h.39.27677723d43e5b5a7afdf8d798429f1d
                           .group:0000000000000000 wm4._types.h.20.dd0d04dca3800a0d2a6129b87f3adbb2
                           .group:0000000000000000 wm4.stddef.h.155.3588ebfdd1e8c7ede80509bb9c3b8009
                           .group:0000000000000000 wm4._default_types.h.6.959254cf5f09734ea7516c89e8bb21bd
                           .group:0000000000000000 wm4._types.h.127.34941de1b2539d59d5cac00e0dd27a45
                           .group:0000000000000000 wm4.reent.h.17.e292bf8b0bec6c96e131a54347145a30
                           .group:0000000000000000 wm4.lock.h.2.c0958401bd0ce484d507ee19aacab817
                           .group:0000000000000000 wm4.reent.h.77.dcd6129ff07fe81bd5636db29abe53b2
                           .group:0000000000000000 wm4.cdefs.h.49.2bf373aedffd8b393ccd11dc057e8547
                           .group:0000000000000000 wm4.string.h.15.dab3980bf35408a4c507182805e2de3a
                           .group:0000000000000000 wm4.stddef.h.155.ba788add86a0e365f264484f110c3c29
                           .group:0000000000000000 wm4.BoardTypes.h.52.ca64813ccee737bcc2115eab5e075fdb
                           .group:0000000000000000 wm4.CompilerSpecific.h.55.4a5e5ff77cd35e49c89cf2115251aee0
                           .group:0000000000000000 wm4.Attributes.h.56.73b3ee26b0836c2dec569a5fa6f1b355
                           .group:0000000000000000 wm4.xmc_device.h.61.ba2d082e12f51240746cffdd60d42b81
                           .group:0000000000000000 wm4.XMC4500.h.55.9aa45b9b5790506b2dcb963e4e7adeaf
                           .group:0000000000000000 wm4.core_cm4.h.32.6c6eb1c8daeca23ce7ba79c8e8120d52
                           .group:0000000000000000 wm4.cmsis_gcc.h.26.91b63349961c35637933e4fba51b867b
                           .group:0000000000000000 wm4.core_cm4.h.172.fdd5a388a160bb6ff767b7d7ee212268
                           .group:0000000000000000 wm4.system_XMC4500.h.42.99124977c10ca8844a71949adbeabd70
                           .group:0000000000000000 wm4.XMC4500.h.208.b340195df97f067735c4c769ba59985a
                           .group:0000000000000000 wm4.xmc_device.h.1460.8860499b404961ffcfbb8d1fefcb2146
                           .group:0000000000000000 wm4.xmc_common.h.92.3f4336a80569affab05a81145b87c2fc
                           .group:0000000000000000 wm4.Endianness.h.57.3ac00c5468f4b91b806a0e6dba047e9c
                           .group:0000000000000000 wm4.Common.h.105.4b937a9cc9dcdb26c3f07541b0b763a8
                           .group:0000000000000000 wm4.USBMode.h.56.a52f788f0e008ddfa05fc21a83026151
                           .group:0000000000000000 wm4.USBController.h.49.cbfc73805155b6fff6267400af3f4eec
                           .group:0000000000000000 wm4.stdlib.h.13.4ed386f5c1a80d71e72172885d946ef2
                           .group:0000000000000000 wm4.alloca.h.8.dfc0c703c47ec3e69746825b17d9e66d
                           .group:0000000000000000 wm4.stdlib.h.56.f4862cfbf4363a1db01842d5bdf72c18
                           .group:0000000000000000 wm4.xmc_usbd_regs.h.80.57c6c85fa0ecbc9f8327ce445aebb9bc
                           .group:0000000000000000 wm4.xmc4_scu.h.83.0449f5880ac071460ec1a8072311ea51
                           .group:0000000000000000 wm4.xmc_usbd.h.122.ce57a9e6a9da48ee33ece02813c49593
                           .group:0000000000000000 wm4.USBController_XMC4000.h.71.902f2653e09cb8b25245faa82cc6b907
                           .group:0000000000000000 wm4.StdDescriptors.h.73.7d17e8be7a73b855fc0f8827303b7597
                           .group:0000000000000000 wm4.Endpoint.h.73.3734de3e84ab23fb43d81f41fba620ec
                           .group:0000000000000000 wm4.Device_XMC4000.h.86.6803bdd99d84e764a570256c87a24d0a
                           .group:0000000000000000 wm4.StdRequestType.h.50.461dce94a3ee1fa9ff31ec5f28bd9699

UNDEFINED SYMBOLS
USB_Device_ProcessControlRequest
device
